{"C:\\JIO\\jio-app\\src\\assets\\icons-svg\\calendarIcon.tsx": {"path":"C:\\JIO\\jio-app\\src\\assets\\icons-svg\\calendarIcon.tsx","statementMap":{"0":{"start":{"line":9,"column":42},"end":{"line":30,"column":1}},"1":{"start":{"line":14,"column":39},"end":{"line":14,"column":51}},"2":{"start":{"line":15,"column":2},"end":{"line":29,"column":4}},"3":{"start":{"line":32,"column":0},"end":{"line":32,"column":28}}},"fnMap":{"0":{"name":"(anonymous_0)","decl":{"start":{"line":9,"column":42},"end":{"line":9,"column":43}},"loc":{"start":{"line":13,"column":5},"end":{"line":30,"column":1}}}},"branchMap":{"0":{"loc":{"start":{"line":10,"column":2},"end":{"line":10,"column":11}},"type":"default-arg","locations":[{"start":{"line":10,"column":9},"end":{"line":10,"column":11}}]},"1":{"loc":{"start":{"line":11,"column":2},"end":{"line":11,"column":19}},"type":"default-arg","locations":[{"start":{"line":11,"column":10},"end":{"line":11,"column":19}}]}},"s":{"0":1,"1":12,"2":12,"3":1},"f":{"0":12},"b":{"0":[12],"1":[12]}}
,"C:\\JIO\\jio-app\\src\\components\\AlertSnackbar\\AlertSnackbar.tsx": {"path":"C:\\JIO\\jio-app\\src\\components\\AlertSnackbar\\AlertSnackbar.tsx","statementMap":{"0":{"start":{"line":1,"column":0},"end":{"line":1,"column":48}},"1":{"start":{"line":4,"column":0},"end":{"line":4,"column":32}},"2":{"start":{"line":5,"column":0},"end":{"line":5,"column":38}},"3":{"start":{"line":6,"column":0},"end":{"line":6,"column":72}},"4":{"start":{"line":16,"column":59},"end":{"line":91,"column":1}},"5":{"start":{"line":25,"column":21},"end":{"line":33,"column":8}},"6":{"start":{"line":26,"column":15},"end":{"line":26,"column":57}},"7":{"start":{"line":27,"column":4},"end":{"line":31,"column":5}},"8":{"start":{"line":28,"column":6},"end":{"line":28,"column":43}},"9":{"start":{"line":29,"column":6},"end":{"line":29,"column":34}},"10":{"start":{"line":30,"column":6},"end":{"line":30,"column":38}},"11":{"start":{"line":32,"column":4},"end":{"line":32,"column":16}},"12":{"start":{"line":35,"column":23},"end":{"line":48,"column":3}},"13":{"start":{"line":36,"column":4},"end":{"line":47,"column":5}},"14":{"start":{"line":38,"column":8},"end":{"line":38,"column":25}},"15":{"start":{"line":40,"column":8},"end":{"line":40,"column":25}},"16":{"start":{"line":42,"column":8},"end":{"line":42,"column":25}},"17":{"start":{"line":44,"column":8},"end":{"line":44,"column":25}},"18":{"start":{"line":46,"column":8},"end":{"line":46,"column":25}},"19":{"start":{"line":51,"column":4},"end":{"line":86,"column":null}},"20":{"start":{"line":90,"column":2},"end":{"line":90,"column":60}},"21":{"start":{"line":16,"column":13},"end":{"line":16,"column":59}}},"fnMap":{"0":{"name":"(anonymous_0)","decl":{"start":{"line":16,"column":59},"end":{"line":16,"column":60}},"loc":{"start":{"line":24,"column":5},"end":{"line":91,"column":1}}},"1":{"name":"(anonymous_1)","decl":{"start":{"line":25,"column":29},"end":{"line":25,"column":32}},"loc":{"start":{"line":25,"column":34},"end":{"line":33,"column":3}}},"2":{"name":"(anonymous_2)","decl":{"start":{"line":35,"column":23},"end":{"line":35,"column":26}},"loc":{"start":{"line":35,"column":28},"end":{"line":48,"column":3}}}},"branchMap":{"0":{"loc":{"start":{"line":19,"column":2},"end":{"line":19,"column":22}},"type":"default-arg","locations":[{"start":{"line":19,"column":13},"end":{"line":19,"column":22}}]},"1":{"loc":{"start":{"line":21,"column":2},"end":{"line":21,"column":25}},"type":"default-arg","locations":[{"start":{"line":21,"column":21},"end":{"line":21,"column":25}}]},"2":{"loc":{"start":{"line":22,"column":2},"end":{"line":22,"column":58}},"type":"default-arg","locations":[{"start":{"line":22,"column":17},"end":{"line":22,"column":58}}]},"3":{"loc":{"start":{"line":27,"column":4},"end":{"line":31,"column":5}},"type":"if","locations":[{"start":{"line":27,"column":4},"end":{"line":31,"column":5}}]},"4":{"loc":{"start":{"line":36,"column":4},"end":{"line":47,"column":5}},"type":"switch","locations":[{"start":{"line":37,"column":6},"end":{"line":38,"column":25}},{"start":{"line":39,"column":6},"end":{"line":40,"column":25}},{"start":{"line":41,"column":6},"end":{"line":42,"column":25}},{"start":{"line":43,"column":6},"end":{"line":44,"column":25}},{"start":{"line":45,"column":6},"end":{"line":46,"column":25}}]}},"s":{"0":1,"1":1,"2":1,"3":1,"4":1,"5":6,"6":6,"7":6,"8":6,"9":6,"10":6,"11":6,"12":6,"13":6,"14":1,"15":4,"16":1,"17":0,"18":0,"19":6,"20":6,"21":1},"f":{"0":6,"1":6,"2":6},"b":{"0":[4],"1":[6],"2":[6],"3":[6],"4":[1,4,1,0,0]}}
,"C:\\JIO\\jio-app\\src\\components\\CustomAccordion\\CustomAccordion.styles.ts": {"path":"C:\\JIO\\jio-app\\src\\components\\CustomAccordion\\CustomAccordion.styles.ts","statementMap":{"0":{"start":{"line":1,"column":0},"end":{"line":1,"column":59}},"1":{"start":{"line":2,"column":0},"end":{"line":2,"column":42}},"2":{"start":{"line":3,"column":0},"end":{"line":3,"column":39}},"3":{"start":{"line":5,"column":13},"end":{"line":19,"column":4}},"4":{"start":{"line":5,"column":56},"end":{"line":19,"column":2}},"5":{"start":{"line":21,"column":13},"end":{"line":25,"column":4}},"6":{"start":{"line":21,"column":59},"end":{"line":25,"column":2}}},"fnMap":{"0":{"name":"(anonymous_0)","decl":{"start":{"line":5,"column":49},"end":{"line":5,"column":52}},"loc":{"start":{"line":5,"column":56},"end":{"line":19,"column":2}}},"1":{"name":"(anonymous_1)","decl":{"start":{"line":21,"column":52},"end":{"line":21,"column":55}},"loc":{"start":{"line":21,"column":59},"end":{"line":25,"column":2}}}},"branchMap":{},"s":{"0":1,"1":1,"2":1,"3":1,"4":6,"5":1,"6":6},"f":{"0":6,"1":6},"b":{}}
,"C:\\JIO\\jio-app\\src\\components\\CustomAccordion\\CustomAccordion.tsx": {"path":"C:\\JIO\\jio-app\\src\\components\\CustomAccordion\\CustomAccordion.tsx","statementMap":{"0":{"start":{"line":1,"column":0},"end":{"line":1,"column":72}},"1":{"start":{"line":2,"column":0},"end":{"line":2,"column":82}},"2":{"start":{"line":3,"column":0},"end":{"line":3,"column":33}},"3":{"start":{"line":4,"column":0},"end":{"line":4,"column":46}},"4":{"start":{"line":5,"column":0},"end":{"line":5,"column":52}},"5":{"start":{"line":7,"column":31},"end":{"line":36,"column":1}},"6":{"start":{"line":8,"column":34},"end":{"line":8,"column":48}},"7":{"start":{"line":9,"column":2},"end":{"line":35,"column":4}},"8":{"start":{"line":12,"column":22},"end":{"line":12,"column":44}},"9":{"start":{"line":7,"column":13},"end":{"line":7,"column":31}}},"fnMap":{"0":{"name":"(anonymous_0)","decl":{"start":{"line":7,"column":31},"end":{"line":7,"column":32}},"loc":{"start":{"line":7,"column":100},"end":{"line":36,"column":1}}},"1":{"name":"(anonymous_1)","decl":{"start":{"line":12,"column":16},"end":{"line":12,"column":19}},"loc":{"start":{"line":12,"column":22},"end":{"line":12,"column":44}}}},"branchMap":{"0":{"loc":{"start":{"line":25,"column":13},"end":{"line":25,"column":52}},"type":"cond-expr","locations":[{"start":{"line":25,"column":24},"end":{"line":25,"column":38}},{"start":{"line":25,"column":41},"end":{"line":25,"column":52}}]}},"s":{"0":1,"1":1,"2":1,"3":1,"4":1,"5":1,"6":6,"7":6,"8":3,"9":1},"f":{"0":6,"1":3},"b":{"0":[4,2]}}
,"C:\\JIO\\jio-app\\src\\components\\SchedulerDateTimePicker\\SchedulerDateTimePicker.tsx": {"path":"C:\\JIO\\jio-app\\src\\components\\SchedulerDateTimePicker\\SchedulerDateTimePicker.tsx","statementMap":{"0":{"start":{"line":21,"column":0},"end":{"line":21,"column":16}},"1":{"start":{"line":1,"column":0},"end":{"line":1,"column":42}},"2":{"start":{"line":2,"column":0},"end":{"line":2,"column":75}},"3":{"start":{"line":3,"column":0},"end":{"line":3,"column":68}},"4":{"start":{"line":4,"column":0},"end":{"line":4,"column":58}},"5":{"start":{"line":6,"column":0},"end":{"line":6,"column":55}},"6":{"start":{"line":32,"column":21},"end":{"line":32,"column":59}},"7":{"start":{"line":33,"column":2},"end":{"line":106,"column":4}},"8":{"start":{"line":40,"column":12},"end":{"line":59,"column":null}},"9":{"start":{"line":45,"column":16},"end":{"line":45,"column":41}},"10":{"start":{"line":46,"column":16},"end":{"line":48,"column":17}},"11":{"start":{"line":47,"column":18},"end":{"line":47,"column":74}},"12":{"start":{"line":68,"column":35},"end":{"line":68,"column":56}},"13":{"start":{"line":69,"column":12},"end":{"line":77,"column":13}},"14":{"start":{"line":76,"column":14},"end":{"line":76,"column":110}},"15":{"start":{"line":78,"column":12},"end":{"line":101,"column":14}},"16":{"start":{"line":84,"column":18},"end":{"line":88,"column":19}},"17":{"start":{"line":85,"column":20},"end":{"line":85,"column":50}},"18":{"start":{"line":87,"column":20},"end":{"line":87,"column":43}}},"fnMap":{"0":{"name":"SchedulerDateTimePicker","decl":{"start":{"line":21,"column":16},"end":{"line":21,"column":39}},"loc":{"start":{"line":30,"column":44},"end":{"line":107,"column":1}}},"1":{"name":"(anonymous_1)","decl":{"start":{"line":39,"column":18},"end":{"line":39,"column":19}},"loc":{"start":{"line":40,"column":12},"end":{"line":59,"column":null}}},"2":{"name":"(anonymous_2)","decl":{"start":{"line":44,"column":24},"end":{"line":44,"column":27}},"loc":{"start":{"line":44,"column":30},"end":{"line":49,"column":15}}},"3":{"name":"(anonymous_3)","decl":{"start":{"line":66,"column":18},"end":{"line":66,"column":19}},"loc":{"start":{"line":66,"column":42},"end":{"line":102,"column":11}}},"4":{"name":"(anonymous_4)","decl":{"start":{"line":83,"column":26},"end":{"line":83,"column":29}},"loc":{"start":{"line":83,"column":32},"end":{"line":89,"column":17}}}},"branchMap":{"0":{"loc":{"start":{"line":25,"column":2},"end":{"line":25,"column":34}},"type":"default-arg","locations":[{"start":{"line":25,"column":15},"end":{"line":25,"column":34}}]},"1":{"loc":{"start":{"line":26,"column":2},"end":{"line":26,"column":30}},"type":"default-arg","locations":[{"start":{"line":26,"column":13},"end":{"line":26,"column":30}}]},"2":{"loc":{"start":{"line":29,"column":2},"end":{"line":29,"column":29}},"type":"default-arg","locations":[{"start":{"line":29,"column":11},"end":{"line":29,"column":29}}]},"3":{"loc":{"start":{"line":43,"column":27},"end":{"line":43,"column":48}},"type":"binary-expr","locations":[{"start":{"line":43,"column":27},"end":{"line":43,"column":34}},{"start":{"line":43,"column":38},"end":{"line":43,"column":48}}]},"4":{"loc":{"start":{"line":46,"column":16},"end":{"line":48,"column":17}},"type":"if","locations":[{"start":{"line":46,"column":16},"end":{"line":48,"column":17}}]},"5":{"loc":{"start":{"line":46,"column":20},"end":{"line":46,"column":108}},"type":"binary-expr","locations":[{"start":{"line":46,"column":20},"end":{"line":46,"column":28}},{"start":{"line":46,"column":32},"end":{"line":46,"column":63}},{"start":{"line":46,"column":67},"end":{"line":46,"column":70}},{"start":{"line":46,"column":74},"end":{"line":46,"column":108}}]},"6":{"loc":{"start":{"line":68,"column":35},"end":{"line":68,"column":56}},"type":"binary-expr","locations":[{"start":{"line":68,"column":35},"end":{"line":68,"column":42}},{"start":{"line":68,"column":46},"end":{"line":68,"column":56}}]},"7":{"loc":{"start":{"line":69,"column":12},"end":{"line":77,"column":13}},"type":"if","locations":[{"start":{"line":69,"column":12},"end":{"line":77,"column":13}}]},"8":{"loc":{"start":{"line":70,"column":14},"end":{"line":73,"column":null}},"type":"binary-expr","locations":[{"start":{"line":70,"column":14},"end":{"line":70,"column":24}},{"start":{"line":71,"column":16},"end":{"line":71,"column":46}},{"start":{"line":72,"column":16},"end":{"line":72,"column":46}},{"start":{"line":73,"column":17},"end":{"line":73,"column":47}},{"start":{"line":73,"column":51},"end":{"line":73,"column":70}},{"start":{"line":73,"column":74},"end":{"line":73,"column":136}}]},"9":{"loc":{"start":{"line":84,"column":18},"end":{"line":88,"column":19}},"type":"if","locations":[{"start":{"line":84,"column":18},"end":{"line":88,"column":19}},{"start":{"line":86,"column":25},"end":{"line":88,"column":19}}]},"10":{"loc":{"start":{"line":84,"column":22},"end":{"line":84,"column":59}},"type":"binary-expr","locations":[{"start":{"line":84,"column":22},"end":{"line":84,"column":25}},{"start":{"line":84,"column":29},"end":{"line":84,"column":39}},{"start":{"line":84,"column":43},"end":{"line":84,"column":59}}]}},"s":{"0":1,"1":1,"2":1,"3":1,"4":1,"5":1,"6":6,"7":6,"8":6,"9":0,"10":0,"11":0,"12":6,"13":6,"14":2,"15":6,"16":0,"17":0,"18":0},"f":{"0":6,"1":6,"2":0,"3":6,"4":0},"b":{"0":[6],"1":[6],"2":[6],"3":[6,6],"4":[0],"5":[0,0,0,0],"6":[6,6],"7":[2],"8":[6,2,2,2,2,2],"9":[0,0],"10":[0,0,0]}}
,"C:\\JIO\\jio-app\\src\\components\\Wireframe\\WireframeEmptyState\\WireframeEmptyState.tsx": {"path":"C:\\JIO\\jio-app\\src\\components\\Wireframe\\WireframeEmptyState\\WireframeEmptyState.tsx","statementMap":{"0":{"start":{"line":1,"column":0},"end":{"line":1,"column":39}},"1":{"start":{"line":2,"column":0},"end":{"line":2,"column":null}},"2":{"start":{"line":8,"column":0},"end":{"line":8,"column":null}},"3":{"start":{"line":13,"column":0},"end":{"line":13,"column":49}},"4":{"start":{"line":14,"column":29},"end":{"line":15,"column":null}},"5":{"start":{"line":15,"column":7},"end":{"line":15,"column":61}},"6":{"start":{"line":19,"column":0},"end":{"line":19,"column":88}},"7":{"start":{"line":20,"column":0},"end":{"line":20,"column":86}},"8":{"start":{"line":34,"column":28},"end":{"line":67,"column":1}},"9":{"start":{"line":35,"column":48},"end":{"line":35,"column":63}},"10":{"start":{"line":37,"column":2},"end":{"line":66,"column":4}},"11":{"start":{"line":46,"column":33},"end":{"line":46,"column":57}},"12":{"start":{"line":56,"column":25},"end":{"line":56,"column":50}},"13":{"start":{"line":59,"column":12},"end":{"line":59,"column":30}},"14":{"start":{"line":60,"column":12},"end":{"line":60,"column":38}},"15":{"start":{"line":69,"column":0},"end":{"line":69,"column":35}}},"fnMap":{"0":{"name":"(anonymous_0)","decl":{"start":{"line":15,"column":2},"end":{"line":15,"column":5}},"loc":{"start":{"line":15,"column":7},"end":{"line":15,"column":61}}},"1":{"name":"(anonymous_1)","decl":{"start":{"line":15,"column":7},"end":{"line":15,"column":15}},"loc":{"start":{"line":15,"column":7},"end":{"line":15,"column":61}}},"2":{"name":"(anonymous_2)","decl":{"start":{"line":34,"column":28},"end":{"line":34,"column":29}},"loc":{"start":{"line":34,"column":90},"end":{"line":67,"column":1}}},"3":{"name":"(anonymous_3)","decl":{"start":{"line":46,"column":27},"end":{"line":46,"column":30}},"loc":{"start":{"line":46,"column":33},"end":{"line":46,"column":57}}},"4":{"name":"(anonymous_4)","decl":{"start":{"line":56,"column":19},"end":{"line":56,"column":22}},"loc":{"start":{"line":56,"column":25},"end":{"line":56,"column":50}}},"5":{"name":"(anonymous_5)","decl":{"start":{"line":58,"column":20},"end":{"line":58,"column":21}},"loc":{"start":{"line":58,"column":32},"end":{"line":61,"column":11}}}},"branchMap":{},"s":{"0":1,"1":1,"2":1,"3":1,"4":1,"5":2,"6":1,"7":1,"8":1,"9":4,"10":4,"11":0,"12":0,"13":0,"14":0,"15":1},"f":{"0":1,"1":1,"2":4,"3":0,"4":0,"5":0},"b":{}}
,"C:\\JIO\\jio-app\\src\\components\\breadcrumb\\breadcrumb.tsx": {"path":"C:\\JIO\\jio-app\\src\\components\\breadcrumb\\breadcrumb.tsx","statementMap":{"0":{"start":{"line":1,"column":0},"end":{"line":1,"column":60}},"1":{"start":{"line":2,"column":0},"end":{"line":2,"column":45}},"2":{"start":{"line":3,"column":0},"end":{"line":3,"column":null}},"3":{"start":{"line":8,"column":0},"end":{"line":8,"column":55}},"4":{"start":{"line":15,"column":19},"end":{"line":57,"column":1}},"5":{"start":{"line":16,"column":23},"end":{"line":16,"column":36}},"6":{"start":{"line":17,"column":19},"end":{"line":17,"column":32}},"7":{"start":{"line":19,"column":22},"end":{"line":19,"column":43}},"8":{"start":{"line":21,"column":17},"end":{"line":27,"column":29}},"9":{"start":{"line":22,"column":4},"end":{"line":22,"column":31}},"10":{"start":{"line":22,"column":21},"end":{"line":22,"column":31}},"11":{"start":{"line":24,"column":4},"end":{"line":26,"column":6}},"12":{"start":{"line":24,"column":50},"end":{"line":24,"column":65}},"13":{"start":{"line":25,"column":28},"end":{"line":25,"column":43}},"14":{"start":{"line":29,"column":25},"end":{"line":33,"column":null}},"15":{"start":{"line":31,"column":6},"end":{"line":31,"column":31}},"16":{"start":{"line":31,"column":16},"end":{"line":31,"column":31}},"17":{"start":{"line":36,"column":2},"end":{"line":36,"column":54}},"18":{"start":{"line":36,"column":42},"end":{"line":36,"column":54}},"19":{"start":{"line":38,"column":2},"end":{"line":56,"column":4}},"20":{"start":{"line":41,"column":23},"end":{"line":41,"column":50}},"21":{"start":{"line":43,"column":8},"end":{"line":53,"column":10}},"22":{"start":{"line":49,"column":27},"end":{"line":49,"column":47}},"23":{"start":{"line":59,"column":0},"end":{"line":59,"column":26}}},"fnMap":{"0":{"name":"(anonymous_0)","decl":{"start":{"line":15,"column":19},"end":{"line":15,"column":22}},"loc":{"start":{"line":15,"column":24},"end":{"line":57,"column":1}}},"1":{"name":"(anonymous_1)","decl":{"start":{"line":21,"column":34},"end":{"line":21,"column":37}},"loc":{"start":{"line":21,"column":39},"end":{"line":27,"column":3}}},"2":{"name":"(anonymous_2)","decl":{"start":{"line":24,"column":35},"end":{"line":24,"column":36}},"loc":{"start":{"line":24,"column":50},"end":{"line":24,"column":65}}},"3":{"name":"(anonymous_3)","decl":{"start":{"line":25,"column":6},"end":{"line":25,"column":7}},"loc":{"start":{"line":25,"column":28},"end":{"line":25,"column":43}}},"4":{"name":"(anonymous_4)","decl":{"start":{"line":30,"column":4},"end":{"line":30,"column":5}},"loc":{"start":{"line":30,"column":22},"end":{"line":32,"column":5}}},"5":{"name":"(anonymous_5)","decl":{"start":{"line":40,"column":18},"end":{"line":40,"column":19}},"loc":{"start":{"line":40,"column":45},"end":{"line":54,"column":7}}},"6":{"name":"(anonymous_6)","decl":{"start":{"line":49,"column":21},"end":{"line":49,"column":24}},"loc":{"start":{"line":49,"column":27},"end":{"line":49,"column":47}}}},"branchMap":{"0":{"loc":{"start":{"line":22,"column":4},"end":{"line":22,"column":31}},"type":"if","locations":[{"start":{"line":22,"column":4},"end":{"line":22,"column":31}}]},"1":{"loc":{"start":{"line":31,"column":6},"end":{"line":31,"column":31}},"type":"if","locations":[{"start":{"line":31,"column":6},"end":{"line":31,"column":31}}]},"2":{"loc":{"start":{"line":36,"column":2},"end":{"line":36,"column":54}},"type":"if","locations":[{"start":{"line":36,"column":2},"end":{"line":36,"column":54}}]},"3":{"loc":{"start":{"line":36,"column":6},"end":{"line":36,"column":40}},"type":"binary-expr","locations":[{"start":{"line":36,"column":6},"end":{"line":36,"column":17}},{"start":{"line":36,"column":21},"end":{"line":36,"column":40}}]},"4":{"loc":{"start":{"line":43,"column":15},"end":{"line":52,"column":null}},"type":"cond-expr","locations":[{"start":{"line":44,"column":10},"end":{"line":44,"column":42}},{"start":{"line":46,"column":10},"end":{"line":47,"column":null}}]}},"s":{"0":1,"1":1,"2":1,"3":1,"4":1,"5":5,"6":5,"7":5,"8":5,"9":5,"10":1,"11":4,"12":8,"13":6,"14":5,"15":1,"16":1,"17":5,"18":2,"19":3,"20":6,"21":6,"22":1,"23":1},"f":{"0":5,"1":5,"2":8,"3":6,"4":1,"5":6,"6":1},"b":{"0":[1],"1":[1],"2":[2],"3":[5,4],"4":[3,3]}}
,"C:\\JIO\\jio-app\\src\\components\\common\\TruncatedTooltip.tsx": {"path":"C:\\JIO\\jio-app\\src\\components\\common\\TruncatedTooltip.tsx","statementMap":{"0":{"start":{"line":1,"column":0},"end":{"line":1,"column":59}},"1":{"start":{"line":2,"column":0},"end":{"line":2,"column":40}},"2":{"start":{"line":17,"column":58},"end":{"line":109,"column":1}},"3":{"start":{"line":28,"column":18},"end":{"line":28,"column":56}},"4":{"start":{"line":29,"column":40},"end":{"line":29,"column":55}},"5":{"start":{"line":30,"column":32},"end":{"line":30,"column":47}},"6":{"start":{"line":32,"column":2},"end":{"line":55,"column":20}},"7":{"start":{"line":33,"column":15},"end":{"line":33,"column":30}},"8":{"start":{"line":34,"column":4},"end":{"line":34,"column":20}},"9":{"start":{"line":34,"column":13},"end":{"line":34,"column":20}},"10":{"start":{"line":36,"column":18},"end":{"line":40,"column":5}},"11":{"start":{"line":38,"column":8},"end":{"line":38,"column":76}},"12":{"start":{"line":39,"column":6},"end":{"line":39,"column":32}},"13":{"start":{"line":42,"column":4},"end":{"line":42,"column":12}},"14":{"start":{"line":44,"column":36},"end":{"line":44,"column":40}},"15":{"start":{"line":45,"column":4},"end":{"line":48,"column":5}},"16":{"start":{"line":46,"column":6},"end":{"line":46,"column":37}},"17":{"start":{"line":47,"column":6},"end":{"line":47,"column":21}},"18":{"start":{"line":50,"column":4},"end":{"line":50,"column":45}},"19":{"start":{"line":51,"column":4},"end":{"line":54,"column":6}},"20":{"start":{"line":52,"column":6},"end":{"line":52,"column":50}},"21":{"start":{"line":53,"column":6},"end":{"line":53,"column":30}},"22":{"start":{"line":53,"column":14},"end":{"line":53,"column":30}},"23":{"start":{"line":58,"column":4},"end":{"line":80,"column":null}},"24":{"start":{"line":61,"column":26},"end":{"line":61,"column":42}},"25":{"start":{"line":62,"column":26},"end":{"line":62,"column":43}},"26":{"start":{"line":63,"column":21},"end":{"line":63,"column":37}},"27":{"start":{"line":64,"column":20},"end":{"line":64,"column":37}},"28":{"start":{"line":84,"column":2},"end":{"line":108,"column":4}},"29":{"start":{"line":111,"column":0},"end":{"line":111,"column":32}}},"fnMap":{"0":{"name":"(anonymous_0)","decl":{"start":{"line":17,"column":58},"end":{"line":17,"column":59}},"loc":{"start":{"line":27,"column":5},"end":{"line":109,"column":1}}},"1":{"name":"(anonymous_1)","decl":{"start":{"line":32,"column":18},"end":{"line":32,"column":21}},"loc":{"start":{"line":32,"column":23},"end":{"line":55,"column":3}}},"2":{"name":"(anonymous_2)","decl":{"start":{"line":36,"column":18},"end":{"line":36,"column":21}},"loc":{"start":{"line":36,"column":23},"end":{"line":40,"column":5}}},"3":{"name":"(anonymous_3)","decl":{"start":{"line":51,"column":11},"end":{"line":51,"column":14}},"loc":{"start":{"line":51,"column":16},"end":{"line":54,"column":5}}},"4":{"name":"(anonymous_4)","decl":{"start":{"line":61,"column":20},"end":{"line":61,"column":23}},"loc":{"start":{"line":61,"column":26},"end":{"line":61,"column":42}}},"5":{"name":"(anonymous_5)","decl":{"start":{"line":62,"column":20},"end":{"line":62,"column":23}},"loc":{"start":{"line":62,"column":26},"end":{"line":62,"column":43}}},"6":{"name":"(anonymous_6)","decl":{"start":{"line":63,"column":15},"end":{"line":63,"column":18}},"loc":{"start":{"line":63,"column":21},"end":{"line":63,"column":37}}},"7":{"name":"(anonymous_7)","decl":{"start":{"line":64,"column":14},"end":{"line":64,"column":17}},"loc":{"start":{"line":64,"column":20},"end":{"line":64,"column":37}}}},"branchMap":{"0":{"loc":{"start":{"line":19,"column":2},"end":{"line":19,"column":11}},"type":"default-arg","locations":[{"start":{"line":19,"column":10},"end":{"line":19,"column":11}}]},"1":{"loc":{"start":{"line":20,"column":2},"end":{"line":20,"column":19}},"type":"default-arg","locations":[{"start":{"line":20,"column":14},"end":{"line":20,"column":19}}]},"2":{"loc":{"start":{"line":21,"column":2},"end":{"line":21,"column":19}},"type":"default-arg","locations":[{"start":{"line":21,"column":14},"end":{"line":21,"column":19}}]},"3":{"loc":{"start":{"line":26,"column":2},"end":{"line":26,"column":24}},"type":"default-arg","locations":[{"start":{"line":26,"column":15},"end":{"line":26,"column":24}}]},"4":{"loc":{"start":{"line":34,"column":4},"end":{"line":34,"column":20}},"type":"if","locations":[{"start":{"line":34,"column":4},"end":{"line":34,"column":20}}]},"5":{"loc":{"start":{"line":38,"column":8},"end":{"line":38,"column":76}},"type":"binary-expr","locations":[{"start":{"line":38,"column":8},"end":{"line":38,"column":41}},{"start":{"line":38,"column":45},"end":{"line":38,"column":76}}]},"6":{"loc":{"start":{"line":45,"column":4},"end":{"line":48,"column":5}},"type":"if","locations":[{"start":{"line":45,"column":4},"end":{"line":48,"column":5}}]},"7":{"loc":{"start":{"line":53,"column":6},"end":{"line":53,"column":30}},"type":"if","locations":[{"start":{"line":53,"column":6},"end":{"line":53,"column":30}}]},"8":{"loc":{"start":{"line":80,"column":7},"end":{"line":80,"column":23}},"type":"binary-expr","locations":[{"start":{"line":80,"column":7},"end":{"line":80,"column":15}},{"start":{"line":80,"column":19},"end":{"line":80,"column":23}}]},"9":{"loc":{"start":{"line":87,"column":12},"end":{"line":87,"column":49}},"type":"binary-expr","locations":[{"start":{"line":87,"column":12},"end":{"line":87,"column":23}},{"start":{"line":87,"column":28},"end":{"line":87,"column":35}},{"start":{"line":87,"column":39},"end":{"line":87,"column":48}}]},"10":{"loc":{"start":{"line":93,"column":29},"end":{"line":93,"column":68}},"type":"binary-expr","locations":[{"start":{"line":93,"column":29},"end":{"line":93,"column":55}},{"start":{"line":93,"column":59},"end":{"line":93,"column":68}}]},"11":{"loc":{"start":{"line":94,"column":19},"end":{"line":94,"column":48}},"type":"binary-expr","locations":[{"start":{"line":94,"column":19},"end":{"line":94,"column":35}},{"start":{"line":94,"column":39},"end":{"line":94,"column":48}}]},"12":{"loc":{"start":{"line":95,"column":21},"end":{"line":95,"column":44}},"type":"binary-expr","locations":[{"start":{"line":95,"column":21},"end":{"line":95,"column":39}},{"start":{"line":95,"column":43},"end":{"line":95,"column":44}}]}},"s":{"0":1,"1":1,"2":1,"3":8,"4":8,"5":8,"6":8,"7":5,"8":5,"9":0,"10":5,"11":7,"12":7,"13":5,"14":5,"15":5,"16":0,"17":0,"18":5,"19":5,"20":5,"21":5,"22":0,"23":8,"24":1,"25":0,"26":0,"27":0,"28":8,"29":1},"f":{"0":8,"1":5,"2":7,"3":5,"4":1,"5":0,"6":0,"7":0},"b":{"0":[3],"1":[6],"2":[8],"3":[8],"4":[0],"5":[7,5],"6":[0],"7":[0],"8":[8,7],"9":[8,3,2],"10":[8,8],"11":[8,8],"12":[8,8]}}
,"C:\\JIO\\jio-app\\src\\components\\common\\CompactListPopover\\CompactListPopover.tsx": {"path":"C:\\JIO\\jio-app\\src\\components\\common\\CompactListPopover\\CompactListPopover.tsx","statementMap":{"0":{"start":{"line":3,"column":0},"end":{"line":3,"column":null}},"1":{"start":{"line":13,"column":62},"end":{"line":42,"column":1}},"2":{"start":{"line":18,"column":15},"end":{"line":18,"column":26}},"3":{"start":{"line":19,"column":18},"end":{"line":19,"column":45}},"4":{"start":{"line":20,"column":20},"end":{"line":20,"column":44}},"5":{"start":{"line":22,"column":2},"end":{"line":41,"column":4}},"6":{"start":{"line":35,"column":14},"end":{"line":35,"column":48}},"7":{"start":{"line":44,"column":0},"end":{"line":44,"column":34}}},"fnMap":{"0":{"name":"(anonymous_0)","decl":{"start":{"line":13,"column":62},"end":{"line":13,"column":63}},"loc":{"start":{"line":17,"column":5},"end":{"line":42,"column":1}}},"1":{"name":"(anonymous_1)","decl":{"start":{"line":34,"column":27},"end":{"line":34,"column":28}},"loc":{"start":{"line":35,"column":14},"end":{"line":35,"column":48}}}},"branchMap":{"0":{"loc":{"start":{"line":14,"column":2},"end":{"line":14,"column":12}},"type":"default-arg","locations":[{"start":{"line":14,"column":10},"end":{"line":14,"column":12}}]},"1":{"loc":{"start":{"line":15,"column":2},"end":{"line":15,"column":18}},"type":"default-arg","locations":[{"start":{"line":15,"column":17},"end":{"line":15,"column":18}}]},"2":{"loc":{"start":{"line":18,"column":15},"end":{"line":18,"column":26}},"type":"binary-expr","locations":[{"start":{"line":18,"column":15},"end":{"line":18,"column":20}},{"start":{"line":18,"column":24},"end":{"line":18,"column":26}}]},"3":{"loc":{"start":{"line":25,"column":9},"end":{"line":27,"column":15}},"type":"cond-expr","locations":[{"start":{"line":26,"column":12},"end":{"line":26,"column":27}},{"start":{"line":27,"column":12},"end":{"line":27,"column":15}}]},"4":{"loc":{"start":{"line":25,"column":9},"end":{"line":25,"column":99}},"type":"binary-expr","locations":[{"start":{"line":25,"column":9},"end":{"line":25,"column":27}},{"start":{"line":25,"column":31},"end":{"line":25,"column":41}},{"start":{"line":25,"column":45},"end":{"line":25,"column":75}},{"start":{"line":25,"column":79},"end":{"line":25,"column":99}}]},"5":{"loc":{"start":{"line":29,"column":7},"end":{"line":29,"column":83}},"type":"binary-expr","locations":[{"start":{"line":29,"column":7},"end":{"line":29,"column":27}},{"start":{"line":29,"column":31},"end":{"line":29,"column":83}}]},"6":{"loc":{"start":{"line":31,"column":7},"end":{"line":38,"column":null}},"type":"binary-expr","locations":[{"start":{"line":31,"column":7},"end":{"line":31,"column":27}},{"start":{"line":31,"column":31},"end":{"line":38,"column":null}}]}},"s":{"0":1,"1":1,"2":5,"3":5,"4":5,"5":5,"6":4,"7":1},"f":{"0":5,"1":4},"b":{"0":[0],"1":[1],"2":[5,0],"3":[4,1],"4":[5,4,4,4],"5":[5,2],"6":[5,2]}}
,"C:\\JIO\\jio-app\\src\\components\\common\\UrlMappedCell\\UrlMappedCell.styles.tsx": {"path":"C:\\JIO\\jio-app\\src\\components\\common\\UrlMappedCell\\UrlMappedCell.styles.tsx","statementMap":{"0":{"start":{"line":1,"column":0},"end":{"line":1,"column":110}},"1":{"start":{"line":2,"column":0},"end":{"line":2,"column":38}},"2":{"start":{"line":4,"column":13},"end":{"line":8,"column":null}},"3":{"start":{"line":10,"column":13},"end":{"line":15,"column":null}},"4":{"start":{"line":17,"column":13},"end":{"line":31,"column":null}},"5":{"start":{"line":33,"column":13},"end":{"line":37,"column":null}},"6":{"start":{"line":39,"column":13},"end":{"line":82,"column":null}},"7":{"start":{"line":84,"column":13},"end":{"line":88,"column":null}}},"fnMap":{},"branchMap":{},"s":{"0":1,"1":1,"2":1,"3":1,"4":1,"5":1,"6":1,"7":1},"f":{},"b":{}}
,"C:\\JIO\\jio-app\\src\\components\\common\\UrlMappedCell\\UrlMappedCell.tsx": {"path":"C:\\JIO\\jio-app\\src\\components\\common\\UrlMappedCell\\UrlMappedCell.tsx","statementMap":{"0":{"start":{"line":3,"column":0},"end":{"line":3,"column":47}},"1":{"start":{"line":4,"column":0},"end":{"line":4,"column":99}},"2":{"start":{"line":14,"column":59},"end":{"line":46,"column":1}},"3":{"start":{"line":15,"column":2},"end":{"line":15,"column":null}},"4":{"start":{"line":15,"column":34},"end":{"line":15,"column":null}},"5":{"start":{"line":17,"column":21},"end":{"line":17,"column":72}},"6":{"start":{"line":19,"column":23},"end":{"line":23,"column":3}},"7":{"start":{"line":20,"column":4},"end":{"line":20,"column":null}},"8":{"start":{"line":20,"column":12},"end":{"line":20,"column":null}},"9":{"start":{"line":21,"column":4},"end":{"line":21,"column":null}},"10":{"start":{"line":21,"column":31},"end":{"line":21,"column":null}},"11":{"start":{"line":22,"column":4},"end":{"line":22,"column":null}},"12":{"start":{"line":25,"column":2},"end":{"line":45,"column":null}},"13":{"start":{"line":32,"column":25},"end":{"line":32,"column":40}},"14":{"start":{"line":33,"column":10},"end":{"line":40,"column":null}},"15":{"start":{"line":35,"column":89},"end":{"line":35,"column":108}},"16":{"start":{"line":14,"column":13},"end":{"line":14,"column":59}}},"fnMap":{"0":{"name":"(anonymous_0)","decl":{"start":{"line":14,"column":59},"end":{"line":14,"column":60}},"loc":{"start":{"line":14,"column":112},"end":{"line":46,"column":1}}},"1":{"name":"(anonymous_1)","decl":{"start":{"line":19,"column":23},"end":{"line":19,"column":24}},"loc":{"start":{"line":19,"column":38},"end":{"line":23,"column":3}}},"2":{"name":"(anonymous_2)","decl":{"start":{"line":31,"column":18},"end":{"line":31,"column":19}},"loc":{"start":{"line":31,"column":24},"end":{"line":41,"column":9}}},"3":{"name":"(anonymous_3)","decl":{"start":{"line":35,"column":82},"end":{"line":35,"column":83}},"loc":{"start":{"line":35,"column":89},"end":{"line":35,"column":108}}}},"branchMap":{"0":{"loc":{"start":{"line":14,"column":68},"end":{"line":14,"column":82}},"type":"default-arg","locations":[{"start":{"line":14,"column":80},"end":{"line":14,"column":82}}]},"1":{"loc":{"start":{"line":14,"column":84},"end":{"line":14,"column":106}},"type":"default-arg","locations":[{"start":{"line":14,"column":103},"end":{"line":14,"column":106}}]},"2":{"loc":{"start":{"line":15,"column":2},"end":{"line":15,"column":null}},"type":"if","locations":[{"start":{"line":15,"column":2},"end":{"line":15,"column":null}}]},"3":{"loc":{"start":{"line":15,"column":6},"end":{"line":15,"column":32}},"type":"binary-expr","locations":[{"start":{"line":15,"column":6},"end":{"line":15,"column":11}},{"start":{"line":15,"column":15},"end":{"line":15,"column":32}}]},"4":{"loc":{"start":{"line":17,"column":42},"end":{"line":17,"column":70}},"type":"cond-expr","locations":[{"start":{"line":17,"column":62},"end":{"line":17,"column":64}},{"start":{"line":17,"column":67},"end":{"line":17,"column":70}}]},"5":{"loc":{"start":{"line":20,"column":4},"end":{"line":20,"column":null}},"type":"if","locations":[{"start":{"line":20,"column":4},"end":{"line":20,"column":null}}]},"6":{"loc":{"start":{"line":21,"column":4},"end":{"line":21,"column":null}},"type":"if","locations":[{"start":{"line":21,"column":4},"end":{"line":21,"column":null}}]},"7":{"loc":{"start":{"line":22,"column":11},"end":{"line":22,"column":36}},"type":"binary-expr","locations":[{"start":{"line":22,"column":11},"end":{"line":22,"column":20}},{"start":{"line":22,"column":24},"end":{"line":22,"column":30}},{"start":{"line":22,"column":34},"end":{"line":22,"column":36}}]}},"s":{"0":1,"1":1,"2":1,"3":5,"4":2,"5":3,"6":3,"7":5,"8":0,"9":5,"10":4,"11":1,"12":3,"13":5,"14":5,"15":0,"16":1},"f":{"0":5,"1":5,"2":5,"3":0},"b":{"0":[4],"1":[4],"2":[2],"3":[5,5],"4":[1,2],"5":[0],"6":[4],"7":[1,0,0]}}
,"C:\\JIO\\jio-app\\src\\components\\confirmationDialog\\confirmationDialog.tsx": {"path":"C:\\JIO\\jio-app\\src\\components\\confirmationDialog\\confirmationDialog.tsx","statementMap":{"0":{"start":{"line":1,"column":0},"end":{"line":1,"column":null}},"1":{"start":{"line":7,"column":0},"end":{"line":7,"column":50}},"2":{"start":{"line":8,"column":0},"end":{"line":8,"column":null}},"3":{"start":{"line":34,"column":27},"end":{"line":89,"column":1}},"4":{"start":{"line":49,"column":4},"end":{"line":55,"column":null}},"5":{"start":{"line":59,"column":2},"end":{"line":88,"column":4}},"6":{"start":{"line":91,"column":0},"end":{"line":91,"column":34}}},"fnMap":{"0":{"name":"(anonymous_0)","decl":{"start":{"line":34,"column":27},"end":{"line":34,"column":28}},"loc":{"start":{"line":47,"column":30},"end":{"line":89,"column":1}}}},"branchMap":{"0":{"loc":{"start":{"line":39,"column":2},"end":{"line":39,"column":17}},"type":"default-arg","locations":[{"start":{"line":39,"column":12},"end":{"line":39,"column":17}}]},"1":{"loc":{"start":{"line":46,"column":2},"end":{"line":46,"column":31}},"type":"default-arg","locations":[{"start":{"line":46,"column":26},"end":{"line":46,"column":31}}]},"2":{"loc":{"start":{"line":53,"column":16},"end":{"line":53,"column":48}},"type":"binary-expr","locations":[{"start":{"line":53,"column":16},"end":{"line":53,"column":23}},{"start":{"line":53,"column":27},"end":{"line":53,"column":48}}]},"3":{"loc":{"start":{"line":67,"column":9},"end":{"line":68,"column":null}},"type":"binary-expr","locations":[{"start":{"line":67,"column":9},"end":{"line":67,"column":14}},{"start":{"line":67,"column":18},"end":{"line":68,"column":null}}]},"4":{"loc":{"start":{"line":70,"column":9},"end":{"line":71,"column":null}},"type":"binary-expr","locations":[{"start":{"line":70,"column":9},"end":{"line":70,"column":20}},{"start":{"line":70,"column":24},"end":{"line":71,"column":null}}]},"5":{"loc":{"start":{"line":79,"column":9},"end":{"line":84,"column":null}},"type":"cond-expr","locations":[{"start":{"line":80,"column":10},"end":{"line":81,"column":null}},{"start":{"line":84,"column":10},"end":{"line":84,"column":23}}]}},"s":{"0":1,"1":1,"2":1,"3":1,"4":9,"5":9,"6":1},"f":{"0":9},"b":{"0":[8],"1":[7],"2":[9,8],"3":[9,9],"4":[9,9],"5":[2,7]}}
,"C:\\JIO\\jio-app\\src\\components\\customSelectField\\CustomSelectField.tsx": {"path":"C:\\JIO\\jio-app\\src\\components\\customSelectField\\CustomSelectField.tsx","statementMap":{"0":{"start":{"line":39,"column":0},"end":{"line":39,"column":16}},"1":{"start":{"line":1,"column":0},"end":{"line":1,"column":33}},"2":{"start":{"line":3,"column":0},"end":{"line":3,"column":99}},"3":{"start":{"line":4,"column":0},"end":{"line":4,"column":60}},"4":{"start":{"line":5,"column":0},"end":{"line":5,"column":62}},"5":{"start":{"line":6,"column":0},"end":{"line":6,"column":58}},"6":{"start":{"line":7,"column":0},"end":{"line":7,"column":116}},"7":{"start":{"line":8,"column":0},"end":{"line":8,"column":53}},"8":{"start":{"line":10,"column":24},"end":{"line":37,"column":2}},"9":{"start":{"line":52,"column":26},"end":{"line":52,"column":41}},"10":{"start":{"line":54,"column":23},"end":{"line":57,"column":3}},"11":{"start":{"line":55,"column":4},"end":{"line":55,"column":34}},"12":{"start":{"line":56,"column":4},"end":{"line":56,"column":19}},"13":{"start":{"line":59,"column":2},"end":{"line":122,"column":4}},"14":{"start":{"line":66,"column":44},"end":{"line":66,"column":57}},"15":{"start":{"line":71,"column":23},"end":{"line":71,"column":37}},"16":{"start":{"line":76,"column":10},"end":{"line":76,"column":46}},"17":{"start":{"line":76,"column":28},"end":{"line":76,"column":46}},"18":{"start":{"line":77,"column":26},"end":{"line":79,"column":null}},"19":{"start":{"line":78,"column":12},"end":{"line":79,"column":31}},"20":{"start":{"line":81,"column":32},"end":{"line":81,"column":62}},"21":{"start":{"line":82,"column":10},"end":{"line":82,"column":90}},"22":{"start":{"line":104,"column":27},"end":{"line":104,"column":71}},"23":{"start":{"line":105,"column":10},"end":{"line":117,"column":12}}},"fnMap":{"0":{"name":"CustomSelectField","decl":{"start":{"line":39,"column":16},"end":{"line":39,"column":33}},"loc":{"start":{"line":51,"column":29},"end":{"line":123,"column":1}}},"1":{"name":"(anonymous_1)","decl":{"start":{"line":54,"column":23},"end":{"line":54,"column":24}},"loc":{"start":{"line":54,"column":56},"end":{"line":57,"column":3}}},"2":{"name":"(anonymous_2)","decl":{"start":{"line":66,"column":38},"end":{"line":66,"column":41}},"loc":{"start":{"line":66,"column":44},"end":{"line":66,"column":57}}},"3":{"name":"(anonymous_3)","decl":{"start":{"line":71,"column":17},"end":{"line":71,"column":20}},"loc":{"start":{"line":71,"column":23},"end":{"line":71,"column":37}}},"4":{"name":"(anonymous_4)","decl":{"start":{"line":75,"column":21},"end":{"line":75,"column":22}},"loc":{"start":{"line":75,"column":45},"end":{"line":83,"column":9}}},"5":{"name":"(anonymous_5)","decl":{"start":{"line":77,"column":39},"end":{"line":77,"column":40}},"loc":{"start":{"line":78,"column":12},"end":{"line":79,"column":31}}},"6":{"name":"(anonymous_6)","decl":{"start":{"line":103,"column":21},"end":{"line":103,"column":22}},"loc":{"start":{"line":103,"column":29},"end":{"line":118,"column":9}}}},"branchMap":{"0":{"loc":{"start":{"line":45,"column":2},"end":{"line":45,"column":14}},"type":"default-arg","locations":[{"start":{"line":45,"column":12},"end":{"line":45,"column":14}}]},"1":{"loc":{"start":{"line":46,"column":2},"end":{"line":46,"column":34}},"type":"default-arg","locations":[{"start":{"line":46,"column":15},"end":{"line":46,"column":34}}]},"2":{"loc":{"start":{"line":50,"column":2},"end":{"line":50,"column":26}},"type":"default-arg","locations":[{"start":{"line":50,"column":22},"end":{"line":50,"column":26}}]},"3":{"loc":{"start":{"line":63,"column":22},"end":{"line":63,"column":48}},"type":"cond-expr","locations":[{"start":{"line":63,"column":33},"end":{"line":63,"column":43}},{"start":{"line":63,"column":46},"end":{"line":63,"column":48}}]},"4":{"loc":{"start":{"line":63,"column":52},"end":{"line":63,"column":70}},"type":"cond-expr","locations":[{"start":{"line":63,"column":59},"end":{"line":63,"column":65}},{"start":{"line":63,"column":68},"end":{"line":63,"column":70}}]},"5":{"loc":{"start":{"line":65,"column":9},"end":{"line":66,"column":null}},"type":"binary-expr","locations":[{"start":{"line":65,"column":9},"end":{"line":65,"column":14}},{"start":{"line":66,"column":10},"end":{"line":66,"column":61}}]},"6":{"loc":{"start":{"line":73,"column":15},"end":{"line":73,"column":26}},"type":"binary-expr","locations":[{"start":{"line":73,"column":15},"end":{"line":73,"column":20}},{"start":{"line":73,"column":24},"end":{"line":73,"column":26}}]},"7":{"loc":{"start":{"line":76,"column":10},"end":{"line":76,"column":46}},"type":"if","locations":[{"start":{"line":76,"column":10},"end":{"line":76,"column":46}}]},"8":{"loc":{"start":{"line":78,"column":19},"end":{"line":78,"column":63}},"type":"cond-expr","locations":[{"start":{"line":78,"column":37},"end":{"line":78,"column":57}},{"start":{"line":78,"column":60},"end":{"line":78,"column":63}}]},"9":{"loc":{"start":{"line":81,"column":32},"end":{"line":81,"column":62}},"type":"binary-expr","locations":[{"start":{"line":81,"column":32},"end":{"line":81,"column":39}},{"start":{"line":81,"column":43},"end":{"line":81,"column":62}}]},"10":{"loc":{"start":{"line":82,"column":17},"end":{"line":82,"column":89}},"type":"cond-expr","locations":[{"start":{"line":82,"column":39},"end":{"line":82,"column":73}},{"start":{"line":82,"column":76},"end":{"line":82,"column":89}}]},"11":{"loc":{"start":{"line":91,"column":9},"end":{"line":100,"column":null}},"type":"binary-expr","locations":[{"start":{"line":91,"column":9},"end":{"line":91,"column":26}},{"start":{"line":91,"column":30},"end":{"line":100,"column":null}}]},"12":{"loc":{"start":{"line":95,"column":24},"end":{"line":95,"column":35}},"type":"binary-expr","locations":[{"start":{"line":95,"column":24},"end":{"line":95,"column":29}},{"start":{"line":95,"column":33},"end":{"line":95,"column":35}}]},"13":{"loc":{"start":{"line":100,"column":11},"end":{"line":100,"column":42}},"type":"binary-expr","locations":[{"start":{"line":100,"column":11},"end":{"line":100,"column":28}},{"start":{"line":100,"column":32},"end":{"line":100,"column":42}}]},"14":{"loc":{"start":{"line":104,"column":27},"end":{"line":104,"column":71}},"type":"cond-expr","locations":[{"start":{"line":104,"column":45},"end":{"line":104,"column":65}},{"start":{"line":104,"column":68},"end":{"line":104,"column":71}}]},"15":{"loc":{"start":{"line":110,"column":28},"end":{"line":110,"column":39}},"type":"binary-expr","locations":[{"start":{"line":110,"column":28},"end":{"line":110,"column":33}},{"start":{"line":110,"column":37},"end":{"line":110,"column":39}}]}},"s":{"0":1,"1":1,"2":1,"3":1,"4":1,"5":1,"6":1,"7":1,"8":1,"9":8,"10":8,"11":0,"12":0,"13":8,"14":3,"15":0,"16":0,"17":0,"18":0,"19":0,"20":0,"21":0,"22":16,"23":16},"f":{"0":8,"1":0,"2":3,"3":0,"4":0,"5":0,"6":16},"b":{"0":[0],"1":[8],"2":[8],"3":[0,8],"4":[3,5],"5":[8,5],"6":[8,0],"7":[0],"8":[0,0],"9":[0,0],"10":[0,0],"11":[8,8],"12":[8,0],"13":[8,8],"14":[0,16],"15":[16,0]}}
,"C:\\JIO\\jio-app\\src\\components\\header\\header.tsx": {"path":"C:\\JIO\\jio-app\\src\\components\\header\\header.tsx","statementMap":{"0":{"start":{"line":2,"column":0},"end":{"line":2,"column":48}},"1":{"start":{"line":3,"column":0},"end":{"line":3,"column":47}},"2":{"start":{"line":4,"column":0},"end":{"line":4,"column":42}},"3":{"start":{"line":6,"column":0},"end":{"line":6,"column":59}},"4":{"start":{"line":7,"column":0},"end":{"line":7,"column":null}},"5":{"start":{"line":13,"column":0},"end":{"line":13,"column":51}},"6":{"start":{"line":14,"column":0},"end":{"line":14,"column":51}},"7":{"start":{"line":17,"column":0},"end":{"line":17,"column":59}},"8":{"start":{"line":18,"column":0},"end":{"line":18,"column":48}},"9":{"start":{"line":20,"column":25},"end":{"line":69,"column":1}},"10":{"start":{"line":21,"column":23},"end":{"line":21,"column":36}},"11":{"start":{"line":23,"column":23},"end":{"line":23,"column":63}},"12":{"start":{"line":25,"column":24},"end":{"line":26,"column":null}},"13":{"start":{"line":26,"column":26},"end":{"line":26,"column":74}},"14":{"start":{"line":29,"column":21},"end":{"line":30,"column":null}},"15":{"start":{"line":30,"column":26},"end":{"line":30,"column":69}},"16":{"start":{"line":33,"column":19},"end":{"line":41,"column":3}},"17":{"start":{"line":34,"column":4},"end":{"line":34,"column":49}},"18":{"start":{"line":34,"column":22},"end":{"line":34,"column":49}},"19":{"start":{"line":36,"column":25},"end":{"line":37,"column":null}},"20":{"start":{"line":37,"column":6},"end":{"line":37,"column":32}},"21":{"start":{"line":40,"column":4},"end":{"line":40,"column":59}},"22":{"start":{"line":43,"column":2},"end":{"line":68,"column":4}},"23":{"start":{"line":71,"column":0},"end":{"line":71,"column":22}}},"fnMap":{"0":{"name":"(anonymous_0)","decl":{"start":{"line":20,"column":25},"end":{"line":20,"column":28}},"loc":{"start":{"line":20,"column":30},"end":{"line":69,"column":1}}},"1":{"name":"(anonymous_1)","decl":{"start":{"line":26,"column":4},"end":{"line":26,"column":5}},"loc":{"start":{"line":26,"column":26},"end":{"line":26,"column":74}}},"2":{"name":"(anonymous_2)","decl":{"start":{"line":30,"column":4},"end":{"line":30,"column":5}},"loc":{"start":{"line":30,"column":26},"end":{"line":30,"column":69}}},"3":{"name":"(anonymous_3)","decl":{"start":{"line":33,"column":19},"end":{"line":33,"column":22}},"loc":{"start":{"line":33,"column":24},"end":{"line":41,"column":3}}},"4":{"name":"(anonymous_4)","decl":{"start":{"line":36,"column":57},"end":{"line":36,"column":58}},"loc":{"start":{"line":37,"column":6},"end":{"line":37,"column":32}}}},"branchMap":{"0":{"loc":{"start":{"line":34,"column":4},"end":{"line":34,"column":49}},"type":"if","locations":[{"start":{"line":34,"column":4},"end":{"line":34,"column":49}}]},"1":{"loc":{"start":{"line":34,"column":29},"end":{"line":34,"column":48}},"type":"binary-expr","locations":[{"start":{"line":34,"column":29},"end":{"line":34,"column":42}},{"start":{"line":34,"column":46},"end":{"line":34,"column":48}}]},"2":{"loc":{"start":{"line":40,"column":11},"end":{"line":40,"column":58}},"type":"cond-expr","locations":[{"start":{"line":40,"column":26},"end":{"line":40,"column":53}},{"start":{"line":40,"column":56},"end":{"line":40,"column":58}}]},"3":{"loc":{"start":{"line":49,"column":29},"end":{"line":49,"column":65}},"type":"cond-expr","locations":[{"start":{"line":49,"column":44},"end":{"line":49,"column":56}},{"start":{"line":49,"column":59},"end":{"line":49,"column":65}}]},"4":{"loc":{"start":{"line":57,"column":13},"end":{"line":57,"column":69}},"type":"binary-expr","locations":[{"start":{"line":57,"column":13},"end":{"line":57,"column":25}},{"start":{"line":57,"column":29},"end":{"line":57,"column":69}}]},"5":{"loc":{"start":{"line":57,"column":49},"end":{"line":57,"column":65}},"type":"binary-expr","locations":[{"start":{"line":57,"column":49},"end":{"line":57,"column":59}},{"start":{"line":57,"column":63},"end":{"line":57,"column":65}}]}},"s":{"0":1,"1":1,"2":1,"3":1,"4":1,"5":1,"6":1,"7":1,"8":1,"9":1,"10":3,"11":3,"12":3,"13":3,"14":3,"15":3,"16":3,"17":3,"18":1,"19":2,"20":2,"21":2,"22":3,"23":1},"f":{"0":3,"1":3,"2":3,"3":3,"4":2},"b":{"0":[1],"1":[1,0],"2":[2,0],"3":[1,2],"4":[3,1],"5":[1,0]}}
,"C:\\JIO\\jio-app\\src\\components\\header\\shared\\DeviceBadge.tsx": {"path":"C:\\JIO\\jio-app\\src\\components\\header\\shared\\DeviceBadge.tsx","statementMap":{"0":{"start":{"line":1,"column":0},"end":{"line":1,"column":36}},"1":{"start":{"line":7,"column":27},"end":{"line":20,"column":null}},"2":{"start":{"line":8,"column":2},"end":{"line":19,"column":null}},"3":{"start":{"line":7,"column":13},"end":{"line":7,"column":27}}},"fnMap":{"0":{"name":"(anonymous_0)","decl":{"start":{"line":7,"column":27},"end":{"line":7,"column":28}},"loc":{"start":{"line":8,"column":2},"end":{"line":19,"column":null}}}},"branchMap":{},"s":{"0":1,"1":1,"2":3,"3":1},"f":{"0":3},"b":{}}
,"C:\\JIO\\jio-app\\src\\components\\header\\shared\\ProfileMenu.tsx": {"path":"C:\\JIO\\jio-app\\src\\components\\header\\shared\\ProfileMenu.tsx","statementMap":{"0":{"start":{"line":2,"column":0},"end":{"line":2,"column":33}},"1":{"start":{"line":4,"column":0},"end":{"line":4,"column":54}},"2":{"start":{"line":6,"column":0},"end":{"line":6,"column":null}},"3":{"start":{"line":16,"column":0},"end":{"line":16,"column":66}},"4":{"start":{"line":17,"column":0},"end":{"line":17,"column":55}},"5":{"start":{"line":19,"column":0},"end":{"line":19,"column":53}},"6":{"start":{"line":21,"column":37},"end":{"line":61,"column":1}},"7":{"start":{"line":22,"column":34},"end":{"line":22,"column":68}},"8":{"start":{"line":24,"column":19},"end":{"line":24,"column":45}},"9":{"start":{"line":25,"column":15},"end":{"line":25,"column":72}},"10":{"start":{"line":25,"column":49},"end":{"line":25,"column":71}},"11":{"start":{"line":27,"column":15},"end":{"line":27,"column":32}},"12":{"start":{"line":29,"column":2},"end":{"line":60,"column":4}},"13":{"start":{"line":31,"column":37},"end":{"line":31,"column":65}},"14":{"start":{"line":45,"column":23},"end":{"line":45,"column":40}},"15":{"start":{"line":54,"column":39},"end":{"line":54,"column":57}},"16":{"start":{"line":21,"column":13},"end":{"line":21,"column":37}}},"fnMap":{"0":{"name":"(anonymous_0)","decl":{"start":{"line":21,"column":37},"end":{"line":21,"column":40}},"loc":{"start":{"line":21,"column":42},"end":{"line":61,"column":1}}},"1":{"name":"(anonymous_1)","decl":{"start":{"line":25,"column":27},"end":{"line":25,"column":28}},"loc":{"start":{"line":25,"column":49},"end":{"line":25,"column":71}}},"2":{"name":"(anonymous_2)","decl":{"start":{"line":31,"column":30},"end":{"line":31,"column":31}},"loc":{"start":{"line":31,"column":37},"end":{"line":31,"column":65}}},"3":{"name":"(anonymous_3)","decl":{"start":{"line":45,"column":17},"end":{"line":45,"column":20}},"loc":{"start":{"line":45,"column":23},"end":{"line":45,"column":40}}},"4":{"name":"(anonymous_4)","decl":{"start":{"line":54,"column":33},"end":{"line":54,"column":36}},"loc":{"start":{"line":54,"column":39},"end":{"line":54,"column":57}}}},"branchMap":{"0":{"loc":{"start":{"line":35,"column":24},"end":{"line":35,"column":50}},"type":"binary-expr","locations":[{"start":{"line":35,"column":24},"end":{"line":35,"column":40}},{"start":{"line":35,"column":44},"end":{"line":35,"column":50}}]},"1":{"loc":{"start":{"line":37,"column":44},"end":{"line":37,"column":66}},"type":"binary-expr","locations":[{"start":{"line":37,"column":44},"end":{"line":37,"column":60}},{"start":{"line":37,"column":64},"end":{"line":37,"column":66}}]}},"s":{"0":1,"1":1,"2":1,"3":1,"4":1,"5":1,"6":1,"7":8,"8":7,"9":7,"10":7,"11":7,"12":7,"13":2,"14":0,"15":0,"16":1},"f":{"0":8,"1":7,"2":2,"3":0,"4":0},"b":{"0":[7,0],"1":[7,0]}}
,"C:\\JIO\\jio-app\\src\\components\\homepage\\homepage.styles.ts": {"path":"C:\\JIO\\jio-app\\src\\components\\homepage\\homepage.styles.ts","statementMap":{"0":{"start":{"line":1,"column":0},"end":{"line":1,"column":39}},"1":{"start":{"line":2,"column":0},"end":{"line":2,"column":36}},"2":{"start":{"line":4,"column":13},"end":{"line":8,"column":4}},"3":{"start":{"line":4,"column":50},"end":{"line":8,"column":2}},"4":{"start":{"line":10,"column":13},"end":{"line":14,"column":4}},"5":{"start":{"line":10,"column":49},"end":{"line":14,"column":2}}},"fnMap":{"0":{"name":"(anonymous_0)","decl":{"start":{"line":4,"column":43},"end":{"line":4,"column":46}},"loc":{"start":{"line":4,"column":50},"end":{"line":8,"column":2}}},"1":{"name":"(anonymous_1)","decl":{"start":{"line":10,"column":42},"end":{"line":10,"column":45}},"loc":{"start":{"line":10,"column":49},"end":{"line":14,"column":2}}}},"branchMap":{},"s":{"0":1,"1":1,"2":1,"3":1,"4":1,"5":1},"f":{"0":1,"1":1},"b":{}}
,"C:\\JIO\\jio-app\\src\\components\\homepage\\homepage.tsx": {"path":"C:\\JIO\\jio-app\\src\\components\\homepage\\homepage.tsx","statementMap":{"0":{"start":{"line":1,"column":0},"end":{"line":1,"column":47}},"1":{"start":{"line":2,"column":0},"end":{"line":2,"column":50}},"2":{"start":{"line":4,"column":0},"end":{"line":4,"column":68}},"3":{"start":{"line":5,"column":0},"end":{"line":5,"column":55}},"4":{"start":{"line":6,"column":0},"end":{"line":6,"column":42}},"5":{"start":{"line":7,"column":0},"end":{"line":7,"column":44}},"6":{"start":{"line":9,"column":17},"end":{"line":22,"column":1}},"7":{"start":{"line":10,"column":2},"end":{"line":10,"column":19}},"8":{"start":{"line":12,"column":2},"end":{"line":21,"column":4}},"9":{"start":{"line":24,"column":0},"end":{"line":24,"column":24}}},"fnMap":{"0":{"name":"(anonymous_0)","decl":{"start":{"line":9,"column":17},"end":{"line":9,"column":20}},"loc":{"start":{"line":9,"column":22},"end":{"line":22,"column":1}}}},"branchMap":{},"s":{"0":1,"1":1,"2":1,"3":1,"4":1,"5":1,"6":1,"7":1,"8":1,"9":1},"f":{"0":1},"b":{}}
,"C:\\JIO\\jio-app\\src\\components\\loader\\Loader.styles.tsx": {"path":"C:\\JIO\\jio-app\\src\\components\\loader\\Loader.styles.tsx","statementMap":{"0":{"start":{"line":1,"column":0},"end":{"line":1,"column":39}},"1":{"start":{"line":3,"column":13},"end":{"line":7,"column":2}},"2":{"start":{"line":9,"column":13},"end":{"line":18,"column":2}}},"fnMap":{},"branchMap":{},"s":{"0":1,"1":1,"2":1},"f":{},"b":{}}
,"C:\\JIO\\jio-app\\src\\components\\loader\\Loader.tsx": {"path":"C:\\JIO\\jio-app\\src\\components\\loader\\Loader.tsx","statementMap":{"0":{"start":{"line":2,"column":0},"end":{"line":2,"column":30}},"1":{"start":{"line":3,"column":0},"end":{"line":3,"column":46}},"2":{"start":{"line":4,"column":0},"end":{"line":4,"column":62}},"3":{"start":{"line":5,"column":0},"end":{"line":5,"column":71}},"4":{"start":{"line":21,"column":66},"end":{"line":41,"column":null}},"5":{"start":{"line":22,"column":2},"end":{"line":40,"column":null}},"6":{"start":{"line":44,"column":38},"end":{"line":81,"column":1}},"7":{"start":{"line":50,"column":13},"end":{"line":50,"column":20}},"8":{"start":{"line":51,"column":21},"end":{"line":51,"column":44}},"9":{"start":{"line":53,"column":22},"end":{"line":53,"column":62}},"10":{"start":{"line":55,"column":2},"end":{"line":65,"column":3}},"11":{"start":{"line":56,"column":4},"end":{"line":64,"column":6}},"12":{"start":{"line":67,"column":2},"end":{"line":80,"column":4}},"13":{"start":{"line":83,"column":0},"end":{"line":83,"column":22}}},"fnMap":{"0":{"name":"(anonymous_0)","decl":{"start":{"line":21,"column":66},"end":{"line":21,"column":67}},"loc":{"start":{"line":22,"column":2},"end":{"line":40,"column":null}}},"1":{"name":"(anonymous_1)","decl":{"start":{"line":44,"column":38},"end":{"line":44,"column":39}},"loc":{"start":{"line":49,"column":5},"end":{"line":81,"column":1}}}},"branchMap":{"0":{"loc":{"start":{"line":46,"column":2},"end":{"line":46,"column":20}},"type":"default-arg","locations":[{"start":{"line":46,"column":12},"end":{"line":46,"column":20}}]},"1":{"loc":{"start":{"line":48,"column":2},"end":{"line":48,"column":15}},"type":"default-arg","locations":[{"start":{"line":48,"column":14},"end":{"line":48,"column":15}}]},"2":{"loc":{"start":{"line":53,"column":22},"end":{"line":53,"column":62}},"type":"binary-expr","locations":[{"start":{"line":53,"column":22},"end":{"line":53,"column":26}},{"start":{"line":53,"column":31},"end":{"line":53,"column":61}}]},"3":{"loc":{"start":{"line":53,"column":31},"end":{"line":53,"column":61}},"type":"cond-expr","locations":[{"start":{"line":53,"column":54},"end":{"line":53,"column":56}},{"start":{"line":53,"column":59},"end":{"line":53,"column":61}}]},"4":{"loc":{"start":{"line":55,"column":2},"end":{"line":65,"column":3}},"type":"if","locations":[{"start":{"line":55,"column":2},"end":{"line":65,"column":3}}]}},"s":{"0":1,"1":1,"2":1,"3":1,"4":1,"5":4,"6":1,"7":4,"8":4,"9":4,"10":4,"11":1,"12":3,"13":1},"f":{"0":4,"1":4},"b":{"0":[3],"1":[3],"2":[4,3],"3":[1,2],"4":[1]}}
,"C:\\JIO\\jio-app\\src\\components\\slotEditorCanvas\\mainSlotCanvas\\mainSlotCanvas.constants.ts": {"path":"C:\\JIO\\jio-app\\src\\components\\slotEditorCanvas\\mainSlotCanvas\\mainSlotCanvas.constants.ts","statementMap":{"0":{"start":{"line":1,"column":13},"end":{"line":6,"column":2}},"1":{"start":{"line":8,"column":13},"end":{"line":13,"column":2}},"2":{"start":{"line":15,"column":13},"end":{"line":19,"column":11}},"3":{"start":{"line":21,"column":13},"end":{"line":23,"column":11}}},"fnMap":{},"branchMap":{},"s":{"0":1,"1":1,"2":1,"3":1},"f":{},"b":{}}
,"C:\\JIO\\jio-app\\src\\constants\\commonConstants.ts": {"path":"C:\\JIO\\jio-app\\src\\constants\\commonConstants.ts","statementMap":{"0":{"start":{"line":1,"column":13},"end":{"line":1,"column":38}},"1":{"start":{"line":2,"column":13},"end":{"line":2,"column":40}},"2":{"start":{"line":3,"column":13},"end":{"line":3,"column":41}},"3":{"start":{"line":4,"column":13},"end":{"line":4,"column":97}},"4":{"start":{"line":5,"column":13},"end":{"line":5,"column":31}},"5":{"start":{"line":6,"column":13},"end":{"line":6,"column":56}},"6":{"start":{"line":7,"column":13},"end":{"line":7,"column":46}},"7":{"start":{"line":8,"column":13},"end":{"line":8,"column":40}},"8":{"start":{"line":9,"column":13},"end":{"line":13,"column":null}},"9":{"start":{"line":14,"column":13},"end":{"line":18,"column":null}},"10":{"start":{"line":20,"column":13},"end":{"line":20,"column":39}},"11":{"start":{"line":21,"column":13},"end":{"line":21,"column":32}},"12":{"start":{"line":22,"column":13},"end":{"line":22,"column":33}}},"fnMap":{},"branchMap":{},"s":{"0":1,"1":1,"2":1,"3":1,"4":1,"5":1,"6":1,"7":1,"8":1,"9":1,"10":1,"11":1,"12":1},"f":{},"b":{}}
,"C:\\JIO\\jio-app\\src\\constants\\theme.constants.ts": {"path":"C:\\JIO\\jio-app\\src\\constants\\theme.constants.ts","statementMap":{"0":{"start":{"line":1,"column":13},"end":{"line":12,"column":2}},"1":{"start":{"line":15,"column":13},"end":{"line":63,"column":11}},"2":{"start":{"line":66,"column":13},"end":{"line":77,"column":11}},"3":{"start":{"line":80,"column":13},"end":{"line":93,"column":11}},"4":{"start":{"line":96,"column":13},"end":{"line":112,"column":11}},"5":{"start":{"line":115,"column":13},"end":{"line":120,"column":11}},"6":{"start":{"line":123,"column":13},"end":{"line":152,"column":11}},"7":{"start":{"line":155,"column":13},"end":{"line":160,"column":11}},"8":{"start":{"line":163,"column":13},"end":{"line":166,"column":11}}},"fnMap":{},"branchMap":{},"s":{"0":3,"1":3,"2":3,"3":3,"4":3,"5":3,"6":3,"7":3,"8":3},"f":{},"b":{}}
,"C:\\JIO\\jio-app\\src\\hooks\\useCanvasPan.ts": {"path":"C:\\JIO\\jio-app\\src\\hooks\\useCanvasPan.ts","statementMap":{"0":{"start":{"line":1,"column":0},"end":{"line":1,"column":65}},"1":{"start":{"line":3,"column":28},"end":{"line":59,"column":1}},"2":{"start":{"line":4,"column":30},"end":{"line":4,"column":54}},"3":{"start":{"line":5,"column":54},"end":{"line":5,"column":69}},"4":{"start":{"line":6,"column":20},"end":{"line":6,"column":33}},"5":{"start":{"line":7,"column":15},"end":{"line":7,"column":37}},"6":{"start":{"line":9,"column":22},"end":{"line":16,"column":null}},"7":{"start":{"line":11,"column":6},"end":{"line":11,"column":31}},"8":{"start":{"line":11,"column":24},"end":{"line":11,"column":31}},"9":{"start":{"line":12,"column":6},"end":{"line":12,"column":31}},"10":{"start":{"line":13,"column":6},"end":{"line":13,"column":34}},"11":{"start":{"line":14,"column":6},"end":{"line":14,"column":52}},"12":{"start":{"line":19,"column":22},"end":{"line":29,"column":null}},"13":{"start":{"line":21,"column":6},"end":{"line":21,"column":53}},"14":{"start":{"line":21,"column":46},"end":{"line":21,"column":53}},"15":{"start":{"line":23,"column":17},"end":{"line":23,"column":43}},"16":{"start":{"line":24,"column":17},"end":{"line":24,"column":43}},"17":{"start":{"line":26,"column":6},"end":{"line":26,"column":64}},"18":{"start":{"line":26,"column":27},"end":{"line":26,"column":61}},"19":{"start":{"line":27,"column":6},"end":{"line":27,"column":52}},"20":{"start":{"line":32,"column":20},"end":{"line":35,"column":8}},"21":{"start":{"line":33,"column":4},"end":{"line":33,"column":30}},"22":{"start":{"line":34,"column":4},"end":{"line":34,"column":33}},"23":{"start":{"line":37,"column":25},"end":{"line":40,"column":3}},"24":{"start":{"line":38,"column":4},"end":{"line":38,"column":39}},"25":{"start":{"line":38,"column":22},"end":{"line":38,"column":39}},"26":{"start":{"line":39,"column":4},"end":{"line":39,"column":52}},"27":{"start":{"line":43,"column":2},"end":{"line":50,"column":20}},"28":{"start":{"line":44,"column":4},"end":{"line":48,"column":5}},"29":{"start":{"line":45,"column":6},"end":{"line":45,"column":32}},"30":{"start":{"line":46,"column":18},"end":{"line":46,"column":75}},"31":{"start":{"line":46,"column":46},"end":{"line":46,"column":74}},"32":{"start":{"line":47,"column":6},"end":{"line":47,"column":45}},"33":{"start":{"line":47,"column":19},"end":{"line":47,"column":44}},"34":{"start":{"line":49,"column":4},"end":{"line":49,"column":21}},"35":{"start":{"line":52,"column":2},"end":{"line":58,"column":4}},"36":{"start":{"line":3,"column":13},"end":{"line":3,"column":28}}},"fnMap":{"0":{"name":"(anonymous_0)","decl":{"start":{"line":3,"column":28},"end":{"line":3,"column":29}},"loc":{"start":{"line":3,"column":53},"end":{"line":59,"column":1}}},"1":{"name":"(anonymous_1)","decl":{"start":{"line":10,"column":4},"end":{"line":10,"column":5}},"loc":{"start":{"line":10,"column":28},"end":{"line":15,"column":5}}},"2":{"name":"(anonymous_2)","decl":{"start":{"line":20,"column":4},"end":{"line":20,"column":5}},"loc":{"start":{"line":20,"column":28},"end":{"line":28,"column":5}}},"3":{"name":"(anonymous_3)","decl":{"start":{"line":26,"column":16},"end":{"line":26,"column":17}},"loc":{"start":{"line":26,"column":27},"end":{"line":26,"column":61}}},"4":{"name":"(anonymous_4)","decl":{"start":{"line":32,"column":32},"end":{"line":32,"column":35}},"loc":{"start":{"line":32,"column":37},"end":{"line":35,"column":3}}},"5":{"name":"(anonymous_5)","decl":{"start":{"line":37,"column":25},"end":{"line":37,"column":28}},"loc":{"start":{"line":37,"column":30},"end":{"line":40,"column":3}}},"6":{"name":"(anonymous_6)","decl":{"start":{"line":43,"column":12},"end":{"line":43,"column":15}},"loc":{"start":{"line":43,"column":17},"end":{"line":50,"column":3}}},"7":{"name":"(anonymous_7)","decl":{"start":{"line":46,"column":40},"end":{"line":46,"column":43}},"loc":{"start":{"line":46,"column":46},"end":{"line":46,"column":74}}},"8":{"name":"(anonymous_8)","decl":{"start":{"line":47,"column":13},"end":{"line":47,"column":16}},"loc":{"start":{"line":47,"column":19},"end":{"line":47,"column":44}}}},"branchMap":{"0":{"loc":{"start":{"line":11,"column":6},"end":{"line":11,"column":31}},"type":"if","locations":[{"start":{"line":11,"column":6},"end":{"line":11,"column":31}}]},"1":{"loc":{"start":{"line":21,"column":6},"end":{"line":21,"column":53}},"type":"if","locations":[{"start":{"line":21,"column":6},"end":{"line":21,"column":53}}]},"2":{"loc":{"start":{"line":21,"column":10},"end":{"line":21,"column":44}},"type":"binary-expr","locations":[{"start":{"line":21,"column":10},"end":{"line":21,"column":22}},{"start":{"line":21,"column":26},"end":{"line":21,"column":44}}]},"3":{"loc":{"start":{"line":38,"column":4},"end":{"line":38,"column":39}},"type":"if","locations":[{"start":{"line":38,"column":4},"end":{"line":38,"column":39}}]},"4":{"loc":{"start":{"line":39,"column":11},"end":{"line":39,"column":51}},"type":"cond-expr","locations":[{"start":{"line":39,"column":32},"end":{"line":39,"column":42}},{"start":{"line":39,"column":45},"end":{"line":39,"column":51}}]},"5":{"loc":{"start":{"line":44,"column":4},"end":{"line":48,"column":5}},"type":"if","locations":[{"start":{"line":44,"column":4},"end":{"line":48,"column":5}}]}},"s":{"0":1,"1":1,"2":11,"3":11,"4":11,"5":11,"6":11,"7":4,"8":1,"9":3,"10":3,"11":3,"12":11,"13":2,"14":1,"15":1,"16":1,"17":1,"18":1,"19":1,"20":11,"21":3,"22":3,"23":11,"24":4,"25":1,"26":3,"27":11,"28":7,"29":3,"30":3,"31":0,"32":3,"33":3,"34":4,"35":11,"36":1},"f":{"0":11,"1":4,"2":2,"3":1,"4":3,"5":4,"6":7,"7":0,"8":3},"b":{"0":[1],"1":[1],"2":[2,1],"3":[1],"4":[2,1],"5":[3]}}
,"C:\\JIO\\jio-app\\src\\hooks\\useCanvasZoom.ts": {"path":"C:\\JIO\\jio-app\\src\\hooks\\useCanvasZoom.ts","statementMap":{"0":{"start":{"line":1,"column":0},"end":{"line":1,"column":46}},"1":{"start":{"line":2,"column":0},"end":{"line":2,"column":101}},"2":{"start":{"line":4,"column":29},"end":{"line":20,"column":1}},"3":{"start":{"line":5,"column":28},"end":{"line":5,"column":39}},"4":{"start":{"line":7,"column":17},"end":{"line":9,"column":null}},"5":{"start":{"line":8,"column":4},"end":{"line":8,"column":74}},"6":{"start":{"line":8,"column":23},"end":{"line":8,"column":73}},"7":{"start":{"line":12,"column":18},"end":{"line":14,"column":null}},"8":{"start":{"line":13,"column":4},"end":{"line":13,"column":74}},"9":{"start":{"line":13,"column":23},"end":{"line":13,"column":73}},"10":{"start":{"line":17,"column":20},"end":{"line":17,"column":54}},"11":{"start":{"line":17,"column":38},"end":{"line":17,"column":49}},"12":{"start":{"line":19,"column":2},"end":{"line":19,"column":47}},"13":{"start":{"line":4,"column":13},"end":{"line":4,"column":29}}},"fnMap":{"0":{"name":"(anonymous_0)","decl":{"start":{"line":4,"column":29},"end":{"line":4,"column":32}},"loc":{"start":{"line":4,"column":34},"end":{"line":20,"column":1}}},"1":{"name":"(anonymous_1)","decl":{"start":{"line":7,"column":29},"end":{"line":7,"column":32}},"loc":{"start":{"line":8,"column":4},"end":{"line":8,"column":74}}},"2":{"name":"(anonymous_2)","decl":{"start":{"line":8,"column":13},"end":{"line":8,"column":14}},"loc":{"start":{"line":8,"column":23},"end":{"line":8,"column":73}}},"3":{"name":"(anonymous_3)","decl":{"start":{"line":12,"column":30},"end":{"line":12,"column":33}},"loc":{"start":{"line":13,"column":4},"end":{"line":13,"column":74}}},"4":{"name":"(anonymous_4)","decl":{"start":{"line":13,"column":13},"end":{"line":13,"column":14}},"loc":{"start":{"line":13,"column":23},"end":{"line":13,"column":73}}},"5":{"name":"(anonymous_5)","decl":{"start":{"line":17,"column":32},"end":{"line":17,"column":35}},"loc":{"start":{"line":17,"column":38},"end":{"line":17,"column":49}}}},"branchMap":{},"s":{"0":1,"1":1,"2":1,"3":7,"4":7,"5":21,"6":21,"7":7,"8":20,"9":20,"10":7,"11":1,"12":7,"13":1},"f":{"0":7,"1":21,"2":21,"3":20,"4":20,"5":1},"b":{}}
,"C:\\JIO\\jio-app\\src\\hooks\\useClickOutside.ts": {"path":"C:\\JIO\\jio-app\\src\\hooks\\useClickOutside.ts","statementMap":{"0":{"start":{"line":7,"column":0},"end":{"line":7,"column":16}},"1":{"start":{"line":24,"column":0},"end":{"line":24,"column":16}},"2":{"start":{"line":1,"column":0},"end":{"line":1,"column":34}},"3":{"start":{"line":14,"column":2},"end":{"line":20,"column":31}},"4":{"start":{"line":15,"column":4},"end":{"line":15,"column":25}},"5":{"start":{"line":15,"column":18},"end":{"line":15,"column":25}},"6":{"start":{"line":17,"column":20},"end":{"line":17,"column":62}},"7":{"start":{"line":19,"column":4},"end":{"line":19,"column":19}},"8":{"start":{"line":28,"column":19},"end":{"line":32,"column":3}},"9":{"start":{"line":29,"column":21},"end":{"line":29,"column":87}},"10":{"start":{"line":29,"column":47},"end":{"line":29,"column":86}},"11":{"start":{"line":31,"column":4},"end":{"line":31,"column":34}},"12":{"start":{"line":31,"column":19},"end":{"line":31,"column":34}},"13":{"start":{"line":34,"column":2},"end":{"line":34,"column":51}},"14":{"start":{"line":35,"column":2},"end":{"line":35,"column":52}},"15":{"start":{"line":37,"column":2},"end":{"line":40,"column":4}},"16":{"start":{"line":38,"column":4},"end":{"line":38,"column":56}},"17":{"start":{"line":39,"column":4},"end":{"line":39,"column":57}}},"fnMap":{"0":{"name":"useClickOutsideMultiple","decl":{"start":{"line":7,"column":16},"end":{"line":7,"column":39}},"loc":{"start":{"line":12,"column":25},"end":{"line":21,"column":1}}},"1":{"name":"(anonymous_1)","decl":{"start":{"line":14,"column":12},"end":{"line":14,"column":15}},"loc":{"start":{"line":14,"column":17},"end":{"line":20,"column":3}}},"2":{"name":"attachClickOutsideListeners","decl":{"start":{"line":24,"column":16},"end":{"line":24,"column":43}},"loc":{"start":{"line":26,"column":18},"end":{"line":41,"column":1}}},"3":{"name":"(anonymous_3)","decl":{"start":{"line":28,"column":19},"end":{"line":28,"column":20}},"loc":{"start":{"line":28,"column":54},"end":{"line":32,"column":3}}},"4":{"name":"(anonymous_4)","decl":{"start":{"line":29,"column":39},"end":{"line":29,"column":40}},"loc":{"start":{"line":29,"column":47},"end":{"line":29,"column":86}}},"5":{"name":"(anonymous_5)","decl":{"start":{"line":37,"column":9},"end":{"line":37,"column":12}},"loc":{"start":{"line":37,"column":14},"end":{"line":40,"column":3}}}},"branchMap":{"0":{"loc":{"start":{"line":12,"column":2},"end":{"line":12,"column":25}},"type":"default-arg","locations":[{"start":{"line":12,"column":21},"end":{"line":12,"column":25}}]},"1":{"loc":{"start":{"line":15,"column":4},"end":{"line":15,"column":25}},"type":"if","locations":[{"start":{"line":15,"column":4},"end":{"line":15,"column":25}}]},"2":{"loc":{"start":{"line":29,"column":47},"end":{"line":29,"column":86}},"type":"binary-expr","locations":[{"start":{"line":29,"column":47},"end":{"line":29,"column":49}},{"start":{"line":29,"column":53},"end":{"line":29,"column":86}}]},"3":{"loc":{"start":{"line":31,"column":4},"end":{"line":31,"column":34}},"type":"if","locations":[{"start":{"line":31,"column":4},"end":{"line":31,"column":34}}]}},"s":{"0":1,"1":1,"2":1,"3":3,"4":3,"5":1,"6":2,"7":2,"8":3,"9":4,"10":6,"11":4,"12":2,"13":3,"14":3,"15":3,"16":3,"17":3},"f":{"0":3,"1":3,"2":3,"3":4,"4":6,"5":3},"b":{"0":[0],"1":[1],"2":[6,6],"3":[2]}}
,"C:\\JIO\\jio-app\\src\\hooks\\useDebounce.ts": {"path":"C:\\JIO\\jio-app\\src\\hooks\\useDebounce.ts","statementMap":{"0":{"start":{"line":1,"column":0},"end":{"line":1,"column":44}},"1":{"start":{"line":3,"column":27},"end":{"line":15,"column":1}},"2":{"start":{"line":4,"column":46},"end":{"line":4,"column":61}},"3":{"start":{"line":6,"column":2},"end":{"line":12,"column":21}},"4":{"start":{"line":7,"column":20},"end":{"line":9,"column":13}},"5":{"start":{"line":8,"column":6},"end":{"line":8,"column":31}},"6":{"start":{"line":11,"column":4},"end":{"line":11,"column":39}},"7":{"start":{"line":11,"column":17},"end":{"line":11,"column":38}},"8":{"start":{"line":14,"column":2},"end":{"line":14,"column":24}},"9":{"start":{"line":3,"column":13},"end":{"line":3,"column":27}}},"fnMap":{"0":{"name":"(anonymous_0)","decl":{"start":{"line":3,"column":27},"end":{"line":3,"column":31}},"loc":{"start":{"line":3,"column":61},"end":{"line":15,"column":1}}},"1":{"name":"(anonymous_1)","decl":{"start":{"line":6,"column":12},"end":{"line":6,"column":15}},"loc":{"start":{"line":6,"column":17},"end":{"line":12,"column":3}}},"2":{"name":"(anonymous_2)","decl":{"start":{"line":7,"column":31},"end":{"line":7,"column":34}},"loc":{"start":{"line":7,"column":36},"end":{"line":9,"column":5}}},"3":{"name":"(anonymous_3)","decl":{"start":{"line":11,"column":11},"end":{"line":11,"column":14}},"loc":{"start":{"line":11,"column":17},"end":{"line":11,"column":38}}}},"branchMap":{},"s":{"0":1,"1":1,"2":8,"3":8,"4":6,"5":2,"6":6,"7":6,"8":8,"9":1},"f":{"0":8,"1":6,"2":2,"3":6},"b":{}}
,"C:\\JIO\\jio-app\\src\\utils\\arrUtils.ts": {"path":"C:\\JIO\\jio-app\\src\\utils\\arrUtils.ts","statementMap":{"0":{"start":{"line":1,"column":0},"end":{"line":1,"column":16}},"1":{"start":{"line":2,"column":18},"end":{"line":2,"column":27}},"2":{"start":{"line":4,"column":17},"end":{"line":4,"column":40}},"3":{"start":{"line":6,"column":2},"end":{"line":6,"column":30}},"4":{"start":{"line":8,"column":2},"end":{"line":8,"column":17}}},"fnMap":{"0":{"name":"reorder","decl":{"start":{"line":1,"column":16},"end":{"line":1,"column":23}},"loc":{"start":{"line":1,"column":62},"end":{"line":9,"column":1}}}},"branchMap":{},"s":{"0":1,"1":6,"2":6,"3":6,"4":6},"f":{"0":6},"b":{}}
,"C:\\JIO\\jio-app\\src\\utils\\commonUtils.ts": {"path":"C:\\JIO\\jio-app\\src\\utils\\commonUtils.ts","statementMap":{"0":{"start":{"line":76,"column":2},"end":{"line":76,"column":18}},"1":{"start":{"line":1,"column":0},"end":{"line":1,"column":65}},"2":{"start":{"line":3,"column":31},"end":{"line":8,"column":27}},"3":{"start":{"line":4,"column":4},"end":{"line":8,"column":27}},"4":{"start":{"line":6,"column":18},"end":{"line":6,"column":22}},"5":{"start":{"line":3,"column":13},"end":{"line":3,"column":31}},"6":{"start":{"line":10,"column":31},"end":{"line":17,"column":1}},"7":{"start":{"line":11,"column":2},"end":{"line":16,"column":14}},"8":{"start":{"line":15,"column":17},"end":{"line":15,"column":39}},"9":{"start":{"line":10,"column":13},"end":{"line":10,"column":31}},"10":{"start":{"line":19,"column":27},"end":{"line":23,"column":3}},"11":{"start":{"line":20,"column":4},"end":{"line":20,"column":29}},"12":{"start":{"line":20,"column":16},"end":{"line":20,"column":29}},"13":{"start":{"line":22,"column":4},"end":{"line":22,"column":72}},"14":{"start":{"line":19,"column":13},"end":{"line":19,"column":27}},"15":{"start":{"line":25,"column":40},"end":{"line":44,"column":1}},"16":{"start":{"line":26,"column":2},"end":{"line":43,"column":3}},"17":{"start":{"line":27,"column":14},"end":{"line":27,"column":67}},"18":{"start":{"line":28,"column":4},"end":{"line":30,"column":5}},"19":{"start":{"line":29,"column":6},"end":{"line":29,"column":63}},"20":{"start":{"line":32,"column":4},"end":{"line":37,"column":5}},"21":{"start":{"line":33,"column":20},"end":{"line":33,"column":38}},"22":{"start":{"line":34,"column":6},"end":{"line":34,"column":38}},"23":{"start":{"line":35,"column":18},"end":{"line":35,"column":96}},"24":{"start":{"line":35,"column":55},"end":{"line":35,"column":86}},"25":{"start":{"line":36,"column":6},"end":{"line":36,"column":45}},"26":{"start":{"line":39,"column":4},"end":{"line":39,"column":63}},"27":{"start":{"line":41,"column":4},"end":{"line":41,"column":87}},"28":{"start":{"line":42,"column":4},"end":{"line":42,"column":63}},"29":{"start":{"line":25,"column":13},"end":{"line":25,"column":40}},"30":{"start":{"line":46,"column":26},"end":{"line":59,"column":3}},"31":{"start":{"line":47,"column":4},"end":{"line":47,"column":66}},"32":{"start":{"line":47,"column":53},"end":{"line":47,"column":66}},"33":{"start":{"line":49,"column":4},"end":{"line":51,"column":5}},"34":{"start":{"line":50,"column":6},"end":{"line":50,"column":42}},"35":{"start":{"line":53,"column":44},"end":{"line":53,"column":46}},"36":{"start":{"line":54,"column":4},"end":{"line":56,"column":5}},"37":{"start":{"line":55,"column":6},"end":{"line":55,"column":79}},"38":{"start":{"line":58,"column":4},"end":{"line":58,"column":18}},"39":{"start":{"line":61,"column":25},"end":{"line":74,"column":3}},"40":{"start":{"line":62,"column":4},"end":{"line":66,"column":5}},"41":{"start":{"line":63,"column":6},"end":{"line":63,"column":75}},"42":{"start":{"line":63,"column":49},"end":{"line":63,"column":75}},"43":{"start":{"line":65,"column":6},"end":{"line":65,"column":83}},"44":{"start":{"line":68,"column":4},"end":{"line":73,"column":5}},"45":{"start":{"line":69,"column":6},"end":{"line":69,"column":34}},"46":{"start":{"line":71,"column":6},"end":{"line":71,"column":76}},"47":{"start":{"line":72,"column":6},"end":{"line":72,"column":15}},"48":{"start":{"line":61,"column":13},"end":{"line":61,"column":25}},"49":{"start":{"line":77,"column":21},"end":{"line":77,"column":68}},"50":{"start":{"line":78,"column":4},"end":{"line":81,"column":16}},"51":{"start":{"line":80,"column":21},"end":{"line":80,"column":65}}},"fnMap":{"0":{"name":"(anonymous_0)","decl":{"start":{"line":3,"column":31},"end":{"line":3,"column":32}},"loc":{"start":{"line":4,"column":4},"end":{"line":8,"column":27}}},"1":{"name":"(anonymous_1)","decl":{"start":{"line":6,"column":11},"end":{"line":6,"column":12}},"loc":{"start":{"line":6,"column":18},"end":{"line":6,"column":22}}},"2":{"name":"(anonymous_2)","decl":{"start":{"line":10,"column":31},"end":{"line":10,"column":32}},"loc":{"start":{"line":10,"column":68},"end":{"line":17,"column":1}}},"3":{"name":"(anonymous_3)","decl":{"start":{"line":15,"column":9},"end":{"line":15,"column":13}},"loc":{"start":{"line":15,"column":17},"end":{"line":15,"column":39}}},"4":{"name":"(anonymous_4)","decl":{"start":{"line":19,"column":27},"end":{"line":19,"column":28}},"loc":{"start":{"line":19,"column":53},"end":{"line":23,"column":3}}},"5":{"name":"(anonymous_5)","decl":{"start":{"line":25,"column":40},"end":{"line":25,"column":51}},"loc":{"start":{"line":25,"column":53},"end":{"line":44,"column":1}}},"6":{"name":"(anonymous_6)","decl":{"start":{"line":35,"column":40},"end":{"line":35,"column":41}},"loc":{"start":{"line":35,"column":55},"end":{"line":35,"column":86}}},"7":{"name":"(anonymous_7)","decl":{"start":{"line":46,"column":26},"end":{"line":46,"column":27}},"loc":{"start":{"line":46,"column":54},"end":{"line":59,"column":3}}},"8":{"name":"(anonymous_8)","decl":{"start":{"line":61,"column":25},"end":{"line":61,"column":26}},"loc":{"start":{"line":61,"column":49},"end":{"line":74,"column":3}}},"9":{"name":"urlToPascalCaseKey","decl":{"start":{"line":76,"column":18},"end":{"line":76,"column":36}},"loc":{"start":{"line":76,"column":48},"end":{"line":82,"column":3}}},"10":{"name":"(anonymous_10)","decl":{"start":{"line":80,"column":11},"end":{"line":80,"column":12}},"loc":{"start":{"line":80,"column":21},"end":{"line":80,"column":65}}}},"branchMap":{"0":{"loc":{"start":{"line":4,"column":4},"end":{"line":8,"column":27}},"type":"binary-expr","locations":[{"start":{"line":4,"column":4},"end":{"line":8,"column":20}},{"start":{"line":8,"column":24},"end":{"line":8,"column":27}}]},"1":{"loc":{"start":{"line":11,"column":10},"end":{"line":11,"column":20}},"type":"binary-expr","locations":[{"start":{"line":11,"column":10},"end":{"line":11,"column":14}},{"start":{"line":11,"column":18},"end":{"line":11,"column":20}}]},"2":{"loc":{"start":{"line":20,"column":4},"end":{"line":20,"column":29}},"type":"if","locations":[{"start":{"line":20,"column":4},"end":{"line":20,"column":29}}]},"3":{"loc":{"start":{"line":28,"column":4},"end":{"line":30,"column":5}},"type":"if","locations":[{"start":{"line":28,"column":4},"end":{"line":30,"column":5}}]},"4":{"loc":{"start":{"line":28,"column":8},"end":{"line":28,"column":62}},"type":"binary-expr","locations":[{"start":{"line":28,"column":8},"end":{"line":28,"column":17}},{"start":{"line":28,"column":21},"end":{"line":28,"column":62}}]},"5":{"loc":{"start":{"line":32,"column":4},"end":{"line":37,"column":5}},"type":"if","locations":[{"start":{"line":32,"column":4},"end":{"line":37,"column":5}}]},"6":{"loc":{"start":{"line":32,"column":8},"end":{"line":32,"column":67}},"type":"binary-expr","locations":[{"start":{"line":32,"column":8},"end":{"line":32,"column":17}},{"start":{"line":32,"column":21},"end":{"line":32,"column":67}}]},"7":{"loc":{"start":{"line":47,"column":4},"end":{"line":47,"column":66}},"type":"if","locations":[{"start":{"line":47,"column":4},"end":{"line":47,"column":66}}]},"8":{"loc":{"start":{"line":47,"column":8},"end":{"line":47,"column":51}},"type":"binary-expr","locations":[{"start":{"line":47,"column":8},"end":{"line":47,"column":22}},{"start":{"line":47,"column":26},"end":{"line":47,"column":51}}]},"9":{"loc":{"start":{"line":49,"column":4},"end":{"line":51,"column":5}},"type":"if","locations":[{"start":{"line":49,"column":4},"end":{"line":51,"column":5}}]},"10":{"loc":{"start":{"line":63,"column":6},"end":{"line":63,"column":75}},"type":"if","locations":[{"start":{"line":63,"column":6},"end":{"line":63,"column":75}}]},"11":{"loc":{"start":{"line":77,"column":21},"end":{"line":77,"column":68}},"type":"binary-expr","locations":[{"start":{"line":77,"column":21},"end":{"line":77,"column":62}},{"start":{"line":77,"column":66},"end":{"line":77,"column":68}}]}},"s":{"0":1,"1":1,"2":1,"3":4,"4":4,"5":1,"6":1,"7":1,"8":1,"9":1,"10":1,"11":3,"12":1,"13":2,"14":1,"15":1,"16":1,"17":1,"18":1,"19":0,"20":1,"21":1,"22":1,"23":1,"24":16,"25":1,"26":0,"27":0,"28":0,"29":1,"30":1,"31":6,"32":4,"33":2,"34":0,"35":2,"36":2,"37":3,"38":2,"39":1,"40":3,"41":3,"42":0,"43":0,"44":3,"45":3,"46":0,"47":0,"48":1,"49":4,"50":4,"51":6},"f":{"0":4,"1":4,"2":1,"3":1,"4":3,"5":1,"6":16,"7":6,"8":3,"9":4,"10":6},"b":{"0":[4,2],"1":[1,0],"2":[1],"3":[0],"4":[1,1],"5":[1],"6":[1,1],"7":[4],"8":[6,6],"9":[0],"10":[0],"11":[4,1]}}
,"C:\\JIO\\jio-app\\src\\utils\\formatDate.ts": {"path":"C:\\JIO\\jio-app\\src\\utils\\formatDate.ts","statementMap":{"0":{"start":{"line":1,"column":33},"end":{"line":26,"column":1}},"1":{"start":{"line":2,"column":2},"end":{"line":2,"column":27}},"2":{"start":{"line":2,"column":16},"end":{"line":2,"column":27}},"3":{"start":{"line":4,"column":15},"end":{"line":4,"column":32}},"4":{"start":{"line":5,"column":14},"end":{"line":5,"column":24}},"5":{"start":{"line":8,"column":4},"end":{"line":8,"column":46}},"6":{"start":{"line":10,"column":2},"end":{"line":19,"column":3}},"7":{"start":{"line":11,"column":19},"end":{"line":11,"column":49}},"8":{"start":{"line":12,"column":20},"end":{"line":12,"column":40}},"9":{"start":{"line":14,"column":4},"end":{"line":16,"column":5}},"10":{"start":{"line":15,"column":6},"end":{"line":15,"column":24}},"11":{"start":{"line":18,"column":4},"end":{"line":18,"column":19}},"12":{"start":{"line":21,"column":2},"end":{"line":25,"column":5}},"13":{"start":{"line":1,"column":13},"end":{"line":1,"column":33}}},"fnMap":{"0":{"name":"(anonymous_0)","decl":{"start":{"line":1,"column":33},"end":{"line":1,"column":34}},"loc":{"start":{"line":1,"column":54},"end":{"line":26,"column":1}}}},"branchMap":{"0":{"loc":{"start":{"line":2,"column":2},"end":{"line":2,"column":27}},"type":"if","locations":[{"start":{"line":2,"column":2},"end":{"line":2,"column":27}}]},"1":{"loc":{"start":{"line":10,"column":2},"end":{"line":19,"column":3}},"type":"if","locations":[{"start":{"line":10,"column":2},"end":{"line":19,"column":3}}]},"2":{"loc":{"start":{"line":14,"column":4},"end":{"line":16,"column":5}},"type":"if","locations":[{"start":{"line":14,"column":4},"end":{"line":16,"column":5}}]}},"s":{"0":1,"1":5,"2":2,"3":3,"4":3,"5":3,"6":3,"7":2,"8":2,"9":2,"10":1,"11":1,"12":1,"13":1},"f":{"0":5},"b":{"0":[2],"1":[2],"2":[1]}}
,"C:\\JIO\\jio-app\\src\\utils\\normalizeStatus.ts": {"path":"C:\\JIO\\jio-app\\src\\utils\\normalizeStatus.ts","statementMap":{"0":{"start":{"line":3,"column":31},"end":{"line":32,"column":1}},"1":{"start":{"line":6,"column":2},"end":{"line":31,"column":3}},"2":{"start":{"line":9,"column":6},"end":{"line":9,"column":25}},"3":{"start":{"line":12,"column":6},"end":{"line":12,"column":28}},"4":{"start":{"line":19,"column":6},"end":{"line":19,"column":29}},"5":{"start":{"line":22,"column":6},"end":{"line":22,"column":28}},"6":{"start":{"line":25,"column":6},"end":{"line":25,"column":29}},"7":{"start":{"line":28,"column":6},"end":{"line":28,"column":28}},"8":{"start":{"line":30,"column":6},"end":{"line":30,"column":25}},"9":{"start":{"line":3,"column":13},"end":{"line":3,"column":31}}},"fnMap":{"0":{"name":"(anonymous_0)","decl":{"start":{"line":3,"column":31},"end":{"line":3,"column":null}},"loc":{"start":{"line":5,"column":21},"end":{"line":32,"column":1}}}},"branchMap":{"0":{"loc":{"start":{"line":6,"column":2},"end":{"line":31,"column":3}},"type":"switch","locations":[{"start":{"line":7,"column":4},"end":{"line":7,"column":17}},{"start":{"line":8,"column":4},"end":{"line":9,"column":25}},{"start":{"line":10,"column":4},"end":{"line":10,"column":20}},{"start":{"line":11,"column":4},"end":{"line":12,"column":28}},{"start":{"line":13,"column":4},"end":{"line":13,"column":21}},{"start":{"line":14,"column":4},"end":{"line":14,"column":21}},{"start":{"line":15,"column":4},"end":{"line":15,"column":21}},{"start":{"line":16,"column":4},"end":{"line":16,"column":25}},{"start":{"line":17,"column":4},"end":{"line":17,"column":25}},{"start":{"line":18,"column":4},"end":{"line":19,"column":29}},{"start":{"line":20,"column":4},"end":{"line":20,"column":20}},{"start":{"line":21,"column":4},"end":{"line":22,"column":28}},{"start":{"line":23,"column":4},"end":{"line":23,"column":21}},{"start":{"line":24,"column":4},"end":{"line":25,"column":29}},{"start":{"line":26,"column":4},"end":{"line":26,"column":20}},{"start":{"line":27,"column":4},"end":{"line":28,"column":28}},{"start":{"line":29,"column":4},"end":{"line":30,"column":25}}]}},"s":{"0":1,"1":6,"2":1,"3":1,"4":1,"5":1,"6":1,"7":0,"8":1,"9":1},"f":{"0":6},"b":{"0":[1,1,1,1,1,1,1,1,1,1,1,1,1,1,0,0,1]}}
,"C:\\JIO\\jio-app\\src\\utils\\scheduleUtils.tsx": {"path":"C:\\JIO\\jio-app\\src\\utils\\scheduleUtils.tsx","statementMap":{"0":{"start":{"line":1,"column":0},"end":{"line":1,"column":34}},"1":{"start":{"line":4,"column":33},"end":{"line":11,"column":1}},"2":{"start":{"line":5,"column":4},"end":{"line":5,"column":71}},"3":{"start":{"line":5,"column":59},"end":{"line":5,"column":71}},"4":{"start":{"line":7,"column":16},"end":{"line":7,"column":26}},"5":{"start":{"line":8,"column":20},"end":{"line":8,"column":50}},"6":{"start":{"line":10,"column":4},"end":{"line":10,"column":51}},"7":{"start":{"line":4,"column":13},"end":{"line":4,"column":33}},"8":{"start":{"line":13,"column":35},"end":{"line":15,"column":1}},"9":{"start":{"line":14,"column":4},"end":{"line":14,"column":101}},"10":{"start":{"line":13,"column":13},"end":{"line":13,"column":35}}},"fnMap":{"0":{"name":"(anonymous_0)","decl":{"start":{"line":4,"column":33},"end":{"line":4,"column":34}},"loc":{"start":{"line":4,"column":62},"end":{"line":11,"column":1}}},"1":{"name":"(anonymous_1)","decl":{"start":{"line":13,"column":35},"end":{"line":13,"column":36}},"loc":{"start":{"line":13,"column":66},"end":{"line":15,"column":1}}}},"branchMap":{"0":{"loc":{"start":{"line":5,"column":4},"end":{"line":5,"column":71}},"type":"if","locations":[{"start":{"line":5,"column":4},"end":{"line":5,"column":71}}]},"1":{"loc":{"start":{"line":5,"column":7},"end":{"line":5,"column":57}},"type":"binary-expr","locations":[{"start":{"line":5,"column":7},"end":{"line":5,"column":31}},{"start":{"line":5,"column":35},"end":{"line":5,"column":57}}]},"2":{"loc":{"start":{"line":10,"column":11},"end":{"line":10,"column":50}},"type":"cond-expr","locations":[{"start":{"line":10,"column":27},"end":{"line":10,"column":36}},{"start":{"line":10,"column":39},"end":{"line":10,"column":50}}]}},"s":{"0":1,"1":1,"2":7,"3":4,"4":3,"5":3,"6":3,"7":1,"8":1,"9":1,"10":1},"f":{"0":7,"1":1},"b":{"0":[4],"1":[7,4],"2":[1,2]}}
,"C:\\JIO\\jio-app\\src\\utils\\slugify.ts": {"path":"C:\\JIO\\jio-app\\src\\utils\\slugify.ts","statementMap":{"0":{"start":{"line":1,"column":23},"end":{"line":11,"column":1}},"1":{"start":{"line":2,"column":2},"end":{"line":2,"column":24}},"2":{"start":{"line":2,"column":14},"end":{"line":2,"column":24}},"3":{"start":{"line":4,"column":15},"end":{"line":8,"column":25}},"4":{"start":{"line":10,"column":2},"end":{"line":10,"column":20}},"5":{"start":{"line":1,"column":13},"end":{"line":1,"column":23}}},"fnMap":{"0":{"name":"(anonymous_0)","decl":{"start":{"line":1,"column":23},"end":{"line":1,"column":24}},"loc":{"start":{"line":1,"column":49},"end":{"line":11,"column":1}}}},"branchMap":{"0":{"loc":{"start":{"line":2,"column":2},"end":{"line":2,"column":24}},"type":"if","locations":[{"start":{"line":2,"column":2},"end":{"line":2,"column":24}}]}},"s":{"0":1,"1":9,"2":1,"3":8,"4":8,"5":1},"f":{"0":9},"b":{"0":[1]}}
,"C:\\JIO\\jio-app\\src\\utils\\statusColor.tsx": {"path":"C:\\JIO\\jio-app\\src\\utils\\statusColor.tsx","statementMap":{"0":{"start":{"line":1,"column":0},"end":{"line":1,"column":52}},"1":{"start":{"line":11,"column":13},"end":{"line":39,"column":2}}},"fnMap":{},"branchMap":{},"s":{"0":1,"1":1},"f":{},"b":{}}
,"C:\\JIO\\jio-app\\src\\utils\\utils.tsx": {"path":"C:\\JIO\\jio-app\\src\\utils\\utils.tsx","statementMap":{"0":{"start":{"line":2,"column":37},"end":{"line":4,"column":1}},"1":{"start":{"line":3,"column":2},"end":{"line":3,"column":46}},"2":{"start":{"line":2,"column":13},"end":{"line":2,"column":37}},"3":{"start":{"line":6,"column":24},"end":{"line":6,"column":107}},"4":{"start":{"line":6,"column":50},"end":{"line":6,"column":107}},"5":{"start":{"line":6,"column":13},"end":{"line":6,"column":24}}},"fnMap":{"0":{"name":"(anonymous_0)","decl":{"start":{"line":2,"column":37},"end":{"line":2,"column":38}},"loc":{"start":{"line":2,"column":67},"end":{"line":4,"column":1}}},"1":{"name":"(anonymous_1)","decl":{"start":{"line":6,"column":24},"end":{"line":6,"column":25}},"loc":{"start":{"line":6,"column":50},"end":{"line":6,"column":107}}}},"branchMap":{"0":{"loc":{"start":{"line":3,"column":9},"end":{"line":3,"column":45}},"type":"binary-expr","locations":[{"start":{"line":3,"column":9},"end":{"line":3,"column":39}},{"start":{"line":3,"column":43},"end":{"line":3,"column":45}}]},"1":{"loc":{"start":{"line":6,"column":50},"end":{"line":6,"column":107}},"type":"binary-expr","locations":[{"start":{"line":6,"column":50},"end":{"line":6,"column":72}},{"start":{"line":6,"column":76},"end":{"line":6,"column":107}}]}},"s":{"0":1,"1":4,"2":1,"3":1,"4":8,"5":1},"f":{"0":4,"1":8},"b":{"0":[4,1],"1":[8,5]}}
}
