TN:
SF:src\assets\icons-svg\calendarIcon.tsx
FN:9,(anonymous_0)
FNF:1
FNH:1
FNDA:12,(anonymous_0)
DA:9,1
DA:14,12
DA:15,12
DA:32,1
LF:4
LH:4
BRDA:10,0,0,12
BRDA:11,1,0,12
BRF:2
BRH:2
end_of_record
TN:
SF:src\components\AlertSnackbar\AlertSnackbar.tsx
FN:16,(anonymous_0)
FN:25,(anonymous_1)
FN:35,(anonymous_2)
FNF:3
FNH:3
FNDA:6,(anonymous_0)
FNDA:6,(anonymous_1)
FNDA:6,(anonymous_2)
DA:1,1
DA:4,1
DA:5,1
DA:6,1
DA:16,1
DA:25,6
DA:26,6
DA:27,6
DA:28,6
DA:29,6
DA:30,6
DA:32,6
DA:35,6
DA:36,6
DA:38,1
DA:40,4
DA:42,1
DA:44,0
DA:46,0
DA:51,6
DA:90,6
LF:21
LH:19
BRDA:19,0,0,4
BRDA:21,1,0,6
BRDA:22,2,0,6
BRDA:27,3,0,6
BRDA:36,4,0,1
BRDA:36,4,1,4
BRDA:36,4,2,1
BRDA:36,4,3,0
BRDA:36,4,4,0
BRF:9
BRH:7
end_of_record
TN:
SF:src\components\CustomAccordion\CustomAccordion.styles.ts
FN:5,(anonymous_0)
FN:21,(anonymous_1)
FNF:2
FNH:2
FNDA:6,(anonymous_0)
FNDA:6,(anonymous_1)
DA:1,1
DA:2,1
DA:3,1
DA:5,6
DA:21,6
LF:5
LH:5
BRF:0
BRH:0
end_of_record
TN:
SF:src\components\CustomAccordion\CustomAccordion.tsx
FN:7,(anonymous_0)
FN:12,(anonymous_1)
FNF:2
FNH:2
FNDA:6,(anonymous_0)
FNDA:3,(anonymous_1)
DA:1,1
DA:2,1
DA:3,1
DA:4,1
DA:5,1
DA:7,1
DA:8,6
DA:9,6
DA:12,3
LF:9
LH:9
BRDA:25,0,0,4
BRDA:25,0,1,2
BRF:2
BRH:2
end_of_record
TN:
SF:src\components\SchedulerDateTimePicker\SchedulerDateTimePicker.tsx
FN:21,SchedulerDateTimePicker
FN:39,(anonymous_1)
FN:44,(anonymous_2)
FN:66,(anonymous_3)
FN:83,(anonymous_4)
FNF:5
FNH:3
FNDA:6,SchedulerDateTimePicker
FNDA:6,(anonymous_1)
FNDA:0,(anonymous_2)
FNDA:6,(anonymous_3)
FNDA:0,(anonymous_4)
DA:1,1
DA:2,1
DA:3,1
DA:4,1
DA:6,1
DA:21,1
DA:32,6
DA:33,6
DA:40,6
DA:45,0
DA:46,0
DA:47,0
DA:68,6
DA:69,6
DA:76,2
DA:78,6
DA:84,0
DA:85,0
DA:87,0
LF:19
LH:13
BRDA:25,0,0,6
BRDA:26,1,0,6
BRDA:29,2,0,6
BRDA:43,3,0,6
BRDA:43,3,1,6
BRDA:46,4,0,0
BRDA:46,5,0,0
BRDA:46,5,1,0
BRDA:46,5,2,0
BRDA:46,5,3,0
BRDA:68,6,0,6
BRDA:68,6,1,6
BRDA:69,7,0,2
BRDA:70,8,0,6
BRDA:70,8,1,2
BRDA:70,8,2,2
BRDA:70,8,3,2
BRDA:70,8,4,2
BRDA:70,8,5,2
BRDA:84,9,0,0
BRDA:84,9,1,0
BRDA:84,10,0,0
BRDA:84,10,1,0
BRDA:84,10,2,0
BRF:24
BRH:14
end_of_record
TN:
SF:src\components\Wireframe\WireframeEmptyState\WireframeEmptyState.tsx
FN:15,(anonymous_0)
FN:15,(anonymous_1)
FN:34,(anonymous_2)
FN:46,(anonymous_3)
FN:56,(anonymous_4)
FN:58,(anonymous_5)
FNF:6
FNH:3
FNDA:1,(anonymous_0)
FNDA:1,(anonymous_1)
FNDA:4,(anonymous_2)
FNDA:0,(anonymous_3)
FNDA:0,(anonymous_4)
FNDA:0,(anonymous_5)
DA:1,1
DA:2,1
DA:8,1
DA:13,1
DA:14,1
DA:15,2
DA:19,1
DA:20,1
DA:34,1
DA:35,4
DA:37,4
DA:46,0
DA:56,0
DA:59,0
DA:60,0
DA:69,1
LF:16
LH:12
BRF:0
BRH:0
end_of_record
TN:
SF:src\components\breadcrumb\breadcrumb.tsx
FN:15,(anonymous_0)
FN:21,(anonymous_1)
FN:24,(anonymous_2)
FN:25,(anonymous_3)
FN:30,(anonymous_4)
FN:40,(anonymous_5)
FN:49,(anonymous_6)
FNF:7
FNH:7
FNDA:5,(anonymous_0)
FNDA:5,(anonymous_1)
FNDA:8,(anonymous_2)
FNDA:6,(anonymous_3)
FNDA:1,(anonymous_4)
FNDA:6,(anonymous_5)
FNDA:1,(anonymous_6)
DA:1,1
DA:2,1
DA:3,1
DA:8,1
DA:15,1
DA:16,5
DA:17,5
DA:19,5
DA:21,5
DA:22,5
DA:24,8
DA:25,6
DA:29,5
DA:31,1
DA:36,5
DA:38,3
DA:41,6
DA:43,6
DA:49,1
DA:59,1
LF:20
LH:20
BRDA:22,0,0,1
BRDA:31,1,0,1
BRDA:36,2,0,2
BRDA:36,3,0,5
BRDA:36,3,1,4
BRDA:43,4,0,3
BRDA:43,4,1,3
BRF:7
BRH:7
end_of_record
TN:
SF:src\components\common\TruncatedTooltip.tsx
FN:17,(anonymous_0)
FN:32,(anonymous_1)
FN:36,(anonymous_2)
FN:51,(anonymous_3)
FN:61,(anonymous_4)
FN:62,(anonymous_5)
FN:63,(anonymous_6)
FN:64,(anonymous_7)
FNF:8
FNH:5
FNDA:8,(anonymous_0)
FNDA:5,(anonymous_1)
FNDA:7,(anonymous_2)
FNDA:5,(anonymous_3)
FNDA:1,(anonymous_4)
FNDA:0,(anonymous_5)
FNDA:0,(anonymous_6)
FNDA:0,(anonymous_7)
DA:1,1
DA:2,1
DA:17,1
DA:28,8
DA:29,8
DA:30,8
DA:32,8
DA:33,5
DA:34,5
DA:36,5
DA:38,7
DA:39,7
DA:42,5
DA:44,5
DA:45,5
DA:46,0
DA:47,0
DA:50,5
DA:51,5
DA:52,5
DA:53,5
DA:58,8
DA:61,1
DA:62,0
DA:63,0
DA:64,0
DA:84,8
DA:111,1
LF:28
LH:23
BRDA:19,0,0,3
BRDA:20,1,0,6
BRDA:21,2,0,8
BRDA:26,3,0,8
BRDA:34,4,0,0
BRDA:38,5,0,7
BRDA:38,5,1,5
BRDA:45,6,0,0
BRDA:53,7,0,0
BRDA:80,8,0,8
BRDA:80,8,1,7
BRDA:87,9,0,8
BRDA:87,9,1,3
BRDA:87,9,2,2
BRDA:93,10,0,8
BRDA:93,10,1,8
BRDA:94,11,0,8
BRDA:94,11,1,8
BRDA:95,12,0,8
BRDA:95,12,1,8
BRF:20
BRH:17
end_of_record
TN:
SF:src\components\common\CompactListPopover\CompactListPopover.tsx
FN:13,(anonymous_0)
FN:34,(anonymous_1)
FNF:2
FNH:2
FNDA:5,(anonymous_0)
FNDA:4,(anonymous_1)
DA:3,1
DA:13,1
DA:18,5
DA:19,5
DA:20,5
DA:22,5
DA:35,4
DA:44,1
LF:8
LH:8
BRDA:14,0,0,0
BRDA:15,1,0,1
BRDA:18,2,0,5
BRDA:18,2,1,0
BRDA:25,3,0,4
BRDA:25,3,1,1
BRDA:25,4,0,5
BRDA:25,4,1,4
BRDA:25,4,2,4
BRDA:25,4,3,4
BRDA:29,5,0,5
BRDA:29,5,1,2
BRDA:31,6,0,5
BRDA:31,6,1,2
BRF:14
BRH:12
end_of_record
TN:
SF:src\components\common\UrlMappedCell\UrlMappedCell.styles.tsx
FNF:0
FNH:0
DA:1,1
DA:2,1
DA:4,1
DA:10,1
DA:17,1
DA:33,1
DA:39,1
DA:84,1
LF:8
LH:8
BRF:0
BRH:0
end_of_record
TN:
SF:src\components\common\UrlMappedCell\UrlMappedCell.tsx
FN:14,(anonymous_0)
FN:19,(anonymous_1)
FN:31,(anonymous_2)
FN:35,(anonymous_3)
FNF:4
FNH:3
FNDA:5,(anonymous_0)
FNDA:5,(anonymous_1)
FNDA:5,(anonymous_2)
FNDA:0,(anonymous_3)
DA:3,1
DA:4,1
DA:14,1
DA:15,5
DA:17,3
DA:19,3
DA:20,5
DA:21,5
DA:22,1
DA:25,3
DA:32,5
DA:33,5
DA:35,0
LF:13
LH:12
BRDA:14,0,0,4
BRDA:14,1,0,4
BRDA:15,2,0,2
BRDA:15,3,0,5
BRDA:15,3,1,5
BRDA:17,4,0,1
BRDA:17,4,1,2
BRDA:20,5,0,0
BRDA:21,6,0,4
BRDA:22,7,0,1
BRDA:22,7,1,0
BRDA:22,7,2,0
BRF:12
BRH:9
end_of_record
TN:
SF:src\components\confirmationDialog\confirmationDialog.tsx
FN:34,(anonymous_0)
FNF:1
FNH:1
FNDA:9,(anonymous_0)
DA:1,1
DA:7,1
DA:8,1
DA:34,1
DA:49,9
DA:59,9
DA:91,1
LF:7
LH:7
BRDA:39,0,0,8
BRDA:46,1,0,7
BRDA:53,2,0,9
BRDA:53,2,1,8
BRDA:67,3,0,9
BRDA:67,3,1,9
BRDA:70,4,0,9
BRDA:70,4,1,9
BRDA:79,5,0,2
BRDA:79,5,1,7
BRF:10
BRH:10
end_of_record
TN:
SF:src\components\customSelectField\CustomSelectField.tsx
FN:39,CustomSelectField
FN:54,(anonymous_1)
FN:66,(anonymous_2)
FN:71,(anonymous_3)
FN:75,(anonymous_4)
FN:77,(anonymous_5)
FN:103,(anonymous_6)
FNF:7
FNH:3
FNDA:8,CustomSelectField
FNDA:0,(anonymous_1)
FNDA:3,(anonymous_2)
FNDA:0,(anonymous_3)
FNDA:0,(anonymous_4)
FNDA:0,(anonymous_5)
FNDA:16,(anonymous_6)
DA:1,1
DA:3,1
DA:4,1
DA:5,1
DA:6,1
DA:7,1
DA:8,1
DA:10,1
DA:39,1
DA:52,8
DA:54,8
DA:55,0
DA:56,0
DA:59,8
DA:66,3
DA:71,0
DA:76,0
DA:77,0
DA:78,0
DA:81,0
DA:82,0
DA:104,16
DA:105,16
LF:23
LH:15
BRDA:45,0,0,0
BRDA:46,1,0,8
BRDA:50,2,0,8
BRDA:63,3,0,0
BRDA:63,3,1,8
BRDA:63,4,0,3
BRDA:63,4,1,5
BRDA:65,5,0,8
BRDA:65,5,1,5
BRDA:73,6,0,8
BRDA:73,6,1,0
BRDA:76,7,0,0
BRDA:78,8,0,0
BRDA:78,8,1,0
BRDA:81,9,0,0
BRDA:81,9,1,0
BRDA:82,10,0,0
BRDA:82,10,1,0
BRDA:91,11,0,8
BRDA:91,11,1,8
BRDA:95,12,0,8
BRDA:95,12,1,0
BRDA:100,13,0,8
BRDA:100,13,1,8
BRDA:104,14,0,0
BRDA:104,14,1,16
BRDA:110,15,0,16
BRDA:110,15,1,0
BRF:28
BRH:15
end_of_record
TN:
SF:src\components\header\header.tsx
FN:20,(anonymous_0)
FN:26,(anonymous_1)
FN:30,(anonymous_2)
FN:33,(anonymous_3)
FN:36,(anonymous_4)
FNF:5
FNH:5
FNDA:3,(anonymous_0)
FNDA:3,(anonymous_1)
FNDA:3,(anonymous_2)
FNDA:3,(anonymous_3)
FNDA:2,(anonymous_4)
DA:2,1
DA:3,1
DA:4,1
DA:6,1
DA:7,1
DA:13,1
DA:14,1
DA:17,1
DA:18,1
DA:20,1
DA:21,3
DA:23,3
DA:25,3
DA:26,3
DA:29,3
DA:30,3
DA:33,3
DA:34,3
DA:36,2
DA:37,2
DA:40,2
DA:43,3
DA:71,1
LF:23
LH:23
BRDA:34,0,0,1
BRDA:34,1,0,1
BRDA:34,1,1,0
BRDA:40,2,0,2
BRDA:40,2,1,0
BRDA:49,3,0,1
BRDA:49,3,1,2
BRDA:57,4,0,3
BRDA:57,4,1,1
BRDA:57,5,0,1
BRDA:57,5,1,0
BRF:11
BRH:8
end_of_record
TN:
SF:src\components\header\shared\DeviceBadge.tsx
FN:7,(anonymous_0)
FNF:1
FNH:1
FNDA:3,(anonymous_0)
DA:1,1
DA:7,1
DA:8,3
LF:3
LH:3
BRF:0
BRH:0
end_of_record
TN:
SF:src\components\header\shared\ProfileMenu.tsx
FN:21,(anonymous_0)
FN:25,(anonymous_1)
FN:31,(anonymous_2)
FN:45,(anonymous_3)
FN:54,(anonymous_4)
FNF:5
FNH:3
FNDA:8,(anonymous_0)
FNDA:7,(anonymous_1)
FNDA:2,(anonymous_2)
FNDA:0,(anonymous_3)
FNDA:0,(anonymous_4)
DA:2,1
DA:4,1
DA:6,1
DA:16,1
DA:17,1
DA:19,1
DA:21,1
DA:22,8
DA:24,7
DA:25,7
DA:27,7
DA:29,7
DA:31,2
DA:45,0
DA:54,0
LF:15
LH:13
BRDA:35,0,0,7
BRDA:35,0,1,0
BRDA:37,1,0,7
BRDA:37,1,1,0
BRF:4
BRH:2
end_of_record
TN:
SF:src\components\homepage\homepage.styles.ts
FN:4,(anonymous_0)
FN:10,(anonymous_1)
FNF:2
FNH:2
FNDA:1,(anonymous_0)
FNDA:1,(anonymous_1)
DA:1,1
DA:2,1
DA:4,1
DA:10,1
LF:4
LH:4
BRF:0
BRH:0
end_of_record
TN:
SF:src\components\homepage\homepage.tsx
FN:9,(anonymous_0)
FNF:1
FNH:1
FNDA:1,(anonymous_0)
DA:1,1
DA:2,1
DA:4,1
DA:5,1
DA:6,1
DA:7,1
DA:9,1
DA:10,1
DA:12,1
DA:24,1
LF:10
LH:10
BRF:0
BRH:0
end_of_record
TN:
SF:src\components\loader\Loader.styles.tsx
FNF:0
FNH:0
DA:1,1
DA:3,1
DA:9,1
LF:3
LH:3
BRF:0
BRH:0
end_of_record
TN:
SF:src\components\loader\Loader.tsx
FN:21,(anonymous_0)
FN:44,(anonymous_1)
FNF:2
FNH:2
FNDA:4,(anonymous_0)
FNDA:4,(anonymous_1)
DA:2,1
DA:3,1
DA:4,1
DA:5,1
DA:21,1
DA:22,4
DA:44,1
DA:50,4
DA:51,4
DA:53,4
DA:55,4
DA:56,1
DA:67,3
DA:83,1
LF:14
LH:14
BRDA:46,0,0,3
BRDA:48,1,0,3
BRDA:53,2,0,4
BRDA:53,2,1,3
BRDA:53,3,0,1
BRDA:53,3,1,2
BRDA:55,4,0,1
BRF:7
BRH:7
end_of_record
TN:
SF:src\components\slotEditorCanvas\mainSlotCanvas\mainSlotCanvas.constants.ts
FNF:0
FNH:0
DA:1,1
DA:8,1
DA:15,1
DA:21,1
LF:4
LH:4
BRF:0
BRH:0
end_of_record
TN:
SF:src\constants\commonConstants.ts
FNF:0
FNH:0
DA:1,1
DA:2,1
DA:3,1
DA:4,1
DA:5,1
DA:6,1
DA:7,1
DA:8,1
DA:9,1
DA:14,1
DA:20,1
DA:21,1
DA:22,1
LF:13
LH:13
BRF:0
BRH:0
end_of_record
TN:
SF:src\constants\theme.constants.ts
FNF:0
FNH:0
DA:1,3
DA:15,3
DA:66,3
DA:80,3
DA:96,3
DA:115,3
DA:123,3
DA:155,3
DA:163,3
LF:9
LH:9
BRF:0
BRH:0
end_of_record
TN:
SF:src\hooks\useCanvasPan.ts
FN:3,(anonymous_0)
FN:10,(anonymous_1)
FN:20,(anonymous_2)
FN:26,(anonymous_3)
FN:32,(anonymous_4)
FN:37,(anonymous_5)
FN:43,(anonymous_6)
FN:46,(anonymous_7)
FN:47,(anonymous_8)
FNF:9
FNH:8
FNDA:11,(anonymous_0)
FNDA:4,(anonymous_1)
FNDA:2,(anonymous_2)
FNDA:1,(anonymous_3)
FNDA:3,(anonymous_4)
FNDA:4,(anonymous_5)
FNDA:7,(anonymous_6)
FNDA:0,(anonymous_7)
FNDA:3,(anonymous_8)
DA:1,1
DA:3,1
DA:4,11
DA:5,11
DA:6,11
DA:7,11
DA:9,11
DA:11,4
DA:12,3
DA:13,3
DA:14,3
DA:19,11
DA:21,2
DA:23,1
DA:24,1
DA:26,1
DA:27,1
DA:32,11
DA:33,3
DA:34,3
DA:37,11
DA:38,4
DA:39,3
DA:43,11
DA:44,7
DA:45,3
DA:46,3
DA:47,3
DA:49,4
DA:52,11
LF:30
LH:30
BRDA:11,0,0,1
BRDA:21,1,0,1
BRDA:21,2,0,2
BRDA:21,2,1,1
BRDA:38,3,0,1
BRDA:39,4,0,2
BRDA:39,4,1,1
BRDA:44,5,0,3
BRF:8
BRH:8
end_of_record
TN:
SF:src\hooks\useCanvasZoom.ts
FN:4,(anonymous_0)
FN:7,(anonymous_1)
FN:8,(anonymous_2)
FN:12,(anonymous_3)
FN:13,(anonymous_4)
FN:17,(anonymous_5)
FNF:6
FNH:6
FNDA:7,(anonymous_0)
FNDA:21,(anonymous_1)
FNDA:21,(anonymous_2)
FNDA:20,(anonymous_3)
FNDA:20,(anonymous_4)
FNDA:1,(anonymous_5)
DA:1,1
DA:2,1
DA:4,1
DA:5,7
DA:7,7
DA:8,21
DA:12,7
DA:13,20
DA:17,7
DA:19,7
LF:10
LH:10
BRF:0
BRH:0
end_of_record
TN:
SF:src\hooks\useClickOutside.ts
FN:7,useClickOutsideMultiple
FN:14,(anonymous_1)
FN:24,attachClickOutsideListeners
FN:28,(anonymous_3)
FN:29,(anonymous_4)
FN:37,(anonymous_5)
FNF:6
FNH:6
FNDA:3,useClickOutsideMultiple
FNDA:3,(anonymous_1)
FNDA:3,attachClickOutsideListeners
FNDA:4,(anonymous_3)
FNDA:6,(anonymous_4)
FNDA:3,(anonymous_5)
DA:1,1
DA:7,1
DA:14,3
DA:15,3
DA:17,2
DA:19,2
DA:24,1
DA:28,3
DA:29,6
DA:31,4
DA:34,3
DA:35,3
DA:37,3
DA:38,3
DA:39,3
LF:15
LH:15
BRDA:12,0,0,0
BRDA:15,1,0,1
BRDA:29,2,0,6
BRDA:29,2,1,6
BRDA:31,3,0,2
BRF:5
BRH:4
end_of_record
TN:
SF:src\hooks\useDebounce.ts
FN:3,(anonymous_0)
FN:6,(anonymous_1)
FN:7,(anonymous_2)
FN:11,(anonymous_3)
FNF:4
FNH:4
FNDA:8,(anonymous_0)
FNDA:6,(anonymous_1)
FNDA:2,(anonymous_2)
FNDA:6,(anonymous_3)
DA:1,1
DA:3,1
DA:4,8
DA:6,8
DA:7,6
DA:8,2
DA:11,6
DA:14,8
LF:8
LH:8
BRF:0
BRH:0
end_of_record
TN:
SF:src\utils\arrUtils.ts
FN:1,reorder
FNF:1
FNH:1
FNDA:6,reorder
DA:1,1
DA:2,6
DA:4,6
DA:6,6
DA:8,6
LF:5
LH:5
BRF:0
BRH:0
end_of_record
TN:
SF:src\utils\commonUtils.ts
FN:3,(anonymous_0)
FN:6,(anonymous_1)
FN:10,(anonymous_2)
FN:15,(anonymous_3)
FN:19,(anonymous_4)
FN:25,(anonymous_5)
FN:35,(anonymous_6)
FN:46,(anonymous_7)
FN:61,(anonymous_8)
FN:76,urlToPascalCaseKey
FN:80,(anonymous_10)
FNF:11
FNH:11
FNDA:4,(anonymous_0)
FNDA:4,(anonymous_1)
FNDA:1,(anonymous_2)
FNDA:1,(anonymous_3)
FNDA:3,(anonymous_4)
FNDA:1,(anonymous_5)
FNDA:16,(anonymous_6)
FNDA:6,(anonymous_7)
FNDA:3,(anonymous_8)
FNDA:4,urlToPascalCaseKey
FNDA:6,(anonymous_10)
DA:1,1
DA:3,1
DA:4,4
DA:6,4
DA:10,1
DA:11,1
DA:15,1
DA:19,1
DA:20,3
DA:22,2
DA:25,1
DA:26,1
DA:27,1
DA:28,1
DA:29,0
DA:32,1
DA:33,1
DA:34,1
DA:35,16
DA:36,1
DA:39,0
DA:41,0
DA:42,0
DA:46,1
DA:47,6
DA:49,2
DA:50,0
DA:53,2
DA:54,2
DA:55,3
DA:58,2
DA:61,1
DA:62,3
DA:63,3
DA:65,0
DA:68,3
DA:69,3
DA:71,0
DA:72,0
DA:76,1
DA:77,4
DA:78,4
DA:80,6
LF:43
LH:35
BRDA:4,0,0,4
BRDA:4,0,1,2
BRDA:11,1,0,1
BRDA:11,1,1,0
BRDA:20,2,0,1
BRDA:28,3,0,0
BRDA:28,4,0,1
BRDA:28,4,1,1
BRDA:32,5,0,1
BRDA:32,6,0,1
BRDA:32,6,1,1
BRDA:47,7,0,4
BRDA:47,8,0,6
BRDA:47,8,1,6
BRDA:49,9,0,0
BRDA:63,10,0,0
BRDA:77,11,0,4
BRDA:77,11,1,1
BRF:18
BRH:14
end_of_record
TN:
SF:src\utils\formatDate.ts
FN:1,(anonymous_0)
FNF:1
FNH:1
FNDA:5,(anonymous_0)
DA:1,1
DA:2,5
DA:4,3
DA:5,3
DA:8,3
DA:10,3
DA:11,2
DA:12,2
DA:14,2
DA:15,1
DA:18,1
DA:21,1
LF:12
LH:12
BRDA:2,0,0,2
BRDA:10,1,0,2
BRDA:14,2,0,1
BRF:3
BRH:3
end_of_record
TN:
SF:src\utils\normalizeStatus.ts
FN:3,(anonymous_0)
FNF:1
FNH:1
FNDA:6,(anonymous_0)
DA:3,1
DA:6,6
DA:9,1
DA:12,1
DA:19,1
DA:22,1
DA:25,1
DA:28,0
DA:30,1
LF:9
LH:8
BRDA:6,0,0,1
BRDA:6,0,1,1
BRDA:6,0,2,1
BRDA:6,0,3,1
BRDA:6,0,4,1
BRDA:6,0,5,1
BRDA:6,0,6,1
BRDA:6,0,7,1
BRDA:6,0,8,1
BRDA:6,0,9,1
BRDA:6,0,10,1
BRDA:6,0,11,1
BRDA:6,0,12,1
BRDA:6,0,13,1
BRDA:6,0,14,0
BRDA:6,0,15,0
BRDA:6,0,16,1
BRF:17
BRH:15
end_of_record
TN:
SF:src\utils\scheduleUtils.tsx
FN:4,(anonymous_0)
FN:13,(anonymous_1)
FNF:2
FNH:2
FNDA:7,(anonymous_0)
FNDA:1,(anonymous_1)
DA:1,1
DA:4,1
DA:5,7
DA:7,3
DA:8,3
DA:10,3
DA:13,1
DA:14,1
LF:8
LH:8
BRDA:5,0,0,4
BRDA:5,1,0,7
BRDA:5,1,1,4
BRDA:10,2,0,1
BRDA:10,2,1,2
BRF:5
BRH:5
end_of_record
TN:
SF:src\utils\slugify.ts
FN:1,(anonymous_0)
FNF:1
FNH:1
FNDA:9,(anonymous_0)
DA:1,1
DA:2,9
DA:4,8
DA:10,8
LF:4
LH:4
BRDA:2,0,0,1
BRF:1
BRH:1
end_of_record
TN:
SF:src\utils\statusColor.tsx
FNF:0
FNH:0
DA:1,1
DA:11,1
LF:2
LH:2
BRF:0
BRH:0
end_of_record
TN:
SF:src\utils\utils.tsx
FN:2,(anonymous_0)
FN:6,(anonymous_1)
FNF:2
FNH:2
FNDA:4,(anonymous_0)
FNDA:8,(anonymous_1)
DA:2,1
DA:3,4
DA:6,8
LF:3
LH:3
BRDA:3,0,0,4
BRDA:3,0,1,1
BRDA:6,1,0,8
BRDA:6,1,1,5
BRF:4
BRH:4
end_of_record
